SF:/Users/waku/dev/govee/src/backend/cloud.rs
FN:364,_RINvMNtNtCsf2i7I5CTk8o_5govee7backend5cloudNtB3_12CloudBackend11new_api_getNtNtCs2gIcK9cuZ92_10serde_json5value5ValueuECs91vKP4uy340_10cloud_mock
FN:328,_RINvMNtNtCsf2i7I5CTk8o_5govee7backend5cloudNtB3_12CloudBackend12new_api_postNtNtCs2gIcK9cuZ92_10serde_json5value5ValueB1c_ECs91vKP4uy340_10cloud_mock
FN:328,_RINvMNtNtCsf2i7I5CTk8o_5govee7backend5cloudNtB3_12CloudBackend12new_api_postNtNtCs2gIcK9cuZ92_10serde_json5value5ValueNtCs91vKP4uy340_10cloud_mock15ConcretePayloadEB1U_
FN:368,_RNCINvMNtNtCsf2i7I5CTk8o_5govee7backend5cloudNtB5_12CloudBackend11new_api_getNtNtCs2gIcK9cuZ92_10serde_json5value5ValueuE0Cs91vKP4uy340_10cloud_mock
FN:332,_RNCINvMNtNtCsf2i7I5CTk8o_5govee7backend5cloudNtB5_12CloudBackend12new_api_postNtNtCs2gIcK9cuZ92_10serde_json5value5ValueB1e_E0Cs91vKP4uy340_10cloud_mock
FN:332,_RNCINvMNtNtCsf2i7I5CTk8o_5govee7backend5cloudNtB5_12CloudBackend12new_api_postNtNtCs2gIcK9cuZ92_10serde_json5value5ValueNtCs91vKP4uy340_10cloud_mock15ConcretePayloadE0B1W_
FN:369,_RNCNCINvMNtNtCsf2i7I5CTk8o_5govee7backend5cloudNtB7_12CloudBackend11new_api_getNtNtCs2gIcK9cuZ92_10serde_json5value5ValueuE00Cs91vKP4uy340_10cloud_mock
FN:333,_RNCNCINvMNtNtCsf2i7I5CTk8o_5govee7backend5cloudNtB7_12CloudBackend12new_api_postNtNtCs2gIcK9cuZ92_10serde_json5value5ValueB1g_E00Cs91vKP4uy340_10cloud_mock
FN:333,_RNCNCINvMNtNtCsf2i7I5CTk8o_5govee7backend5cloudNtB7_12CloudBackend12new_api_postNtNtCs2gIcK9cuZ92_10serde_json5value5ValueNtCs91vKP4uy340_10cloud_mock15ConcretePayloadE00B1Y_
FN:364,_RINvMNtNtCsf2i7I5CTk8o_5govee7backend5cloudNtB3_12CloudBackend11new_api_getINtNtCsdFlNUEO95cG_5alloc3vec3VecNtB3_8V2DeviceEuEB7_
FN:328,_RINvMNtNtCsf2i7I5CTk8o_5govee7backend5cloudNtB3_12CloudBackend12new_api_postNtB3_14ControlPayloadNtNtCs2gIcK9cuZ92_10serde_json5value5ValueEB7_
FN:328,_RINvMNtNtCsf2i7I5CTk8o_5govee7backend5cloudNtB3_12CloudBackend12new_api_postNtNtCs2gIcK9cuZ92_10serde_json5value5ValueNtB3_17SceneListResponseEB7_
FN:328,_RINvMNtNtCsf2i7I5CTk8o_5govee7backend5cloudNtB3_12CloudBackend12new_api_postNtNtCs2gIcK9cuZ92_10serde_json5value5ValueNtB3_20DiySceneListResponseEB7_
FN:328,_RINvMNtNtCsf2i7I5CTk8o_5govee7backend5cloudNtB3_12CloudBackend12new_api_postNtNtCs2gIcK9cuZ92_10serde_json5value5ValueNtNCNvB2_12get_state_v2015V2StateResponseEB7_
FN:368,_RNCINvMNtNtCsf2i7I5CTk8o_5govee7backend5cloudNtB5_12CloudBackend11new_api_getINtNtCsdFlNUEO95cG_5alloc3vec3VecNtB5_8V2DeviceEuE0B9_
FN:332,_RNCINvMNtNtCsf2i7I5CTk8o_5govee7backend5cloudNtB5_12CloudBackend12new_api_postNtB5_14ControlPayloadNtNtCs2gIcK9cuZ92_10serde_json5value5ValueE0B9_
FN:332,_RNCINvMNtNtCsf2i7I5CTk8o_5govee7backend5cloudNtB5_12CloudBackend12new_api_postNtNtCs2gIcK9cuZ92_10serde_json5value5ValueNtB5_17SceneListResponseE0B9_
FN:332,_RNCINvMNtNtCsf2i7I5CTk8o_5govee7backend5cloudNtB5_12CloudBackend12new_api_postNtNtCs2gIcK9cuZ92_10serde_json5value5ValueNtB5_20DiySceneListResponseE0B9_
FN:332,_RNCINvMNtNtCsf2i7I5CTk8o_5govee7backend5cloudNtB5_12CloudBackend12new_api_postNtNtCs2gIcK9cuZ92_10serde_json5value5ValueNtNCNvB4_12get_state_v2015V2StateResponseE0B9_
FN:369,_RNCNCINvMNtNtCsf2i7I5CTk8o_5govee7backend5cloudNtB7_12CloudBackend11new_api_getINtNtCsdFlNUEO95cG_5alloc3vec3VecNtB7_8V2DeviceEuE00Bb_
FN:333,_RNCNCINvMNtNtCsf2i7I5CTk8o_5govee7backend5cloudNtB7_12CloudBackend12new_api_postNtB7_14ControlPayloadNtNtCs2gIcK9cuZ92_10serde_json5value5ValueE00Bb_
FN:333,_RNCNCINvMNtNtCsf2i7I5CTk8o_5govee7backend5cloudNtB7_12CloudBackend12new_api_postNtNtCs2gIcK9cuZ92_10serde_json5value5ValueNtB7_17SceneListResponseE00Bb_
FN:333,_RNCNCINvMNtNtCsf2i7I5CTk8o_5govee7backend5cloudNtB7_12CloudBackend12new_api_postNtNtCs2gIcK9cuZ92_10serde_json5value5ValueNtB7_20DiySceneListResponseE00Bb_
FN:333,_RNCNCINvMNtNtCsf2i7I5CTk8o_5govee7backend5cloudNtB7_12CloudBackend12new_api_postNtNtCs2gIcK9cuZ92_10serde_json5value5ValueNtNCNvB6_12get_state_v2015V2StateResponseE00Bb_
FN:920,_RNCNCNCNCNvXs2_NtNtCsf2i7I5CTk8o_5govee7backend5cloudNtBd_12CloudBackendNtBf_12GoveeBackend12list_devices0000Bh_
FN:936,_RNCNCNCNCNvXs2_NtNtCsf2i7I5CTk8o_5govee7backend5cloudNtBd_12CloudBackendNtBf_12GoveeBackend12list_devices00s0_00Bh_
FN:467,_RNCNCNCNvMNtNtCsf2i7I5CTk8o_5govee7backend5cloudNtB8_12CloudBackend21list_diy_scenes_cloud000Bc_
FN:1117,_RNCNCNCNvXs2_NtNtCsf2i7I5CTk8o_5govee7backend5cloudNtBb_12CloudBackendNtBd_12GoveeBackend11list_scenes000Bf_
FN:1139,_RNCNCNCNvXs2_NtNtCsf2i7I5CTk8o_5govee7backend5cloudNtBb_12CloudBackendNtBd_12GoveeBackend11list_scenes00s_0Bf_
FN:917,_RNCNCNCNvXs2_NtNtCsf2i7I5CTk8o_5govee7backend5cloudNtBb_12CloudBackendNtBd_12GoveeBackend12list_devices000Bf_
FN:932,_RNCNCNCNvXs2_NtNtCsf2i7I5CTk8o_5govee7backend5cloudNtBb_12CloudBackendNtBd_12GoveeBackend12list_devices00s0_0Bf_
FN:964,_RNCNCNCNvXs2_NtNtCsf2i7I5CTk8o_5govee7backend5cloudNtBb_12CloudBackendNtBd_12GoveeBackend12list_devices00s1_0Bf_
FN:969,_RNCNCNCNvXs2_NtNtCsf2i7I5CTk8o_5govee7backend5cloudNtBb_12CloudBackendNtBd_12GoveeBackend12list_devices00s2_0Bf_
FN:984,_RNCNCNCNvXs2_NtNtCsf2i7I5CTk8o_5govee7backend5cloudNtBb_12CloudBackendNtBd_12GoveeBackend12list_devices00s3_0Bf_
FN:987,_RNCNCNCNvXs2_NtNtCsf2i7I5CTk8o_5govee7backend5cloudNtBb_12CloudBackendNtBd_12GoveeBackend12list_devices00s4_0Bf_
FN:1011,_RNCNCNCNvXs2_NtNtCsf2i7I5CTk8o_5govee7backend5cloudNtBb_12CloudBackendNtBd_12GoveeBackend12list_devices00s5_0Bf_
FN:1016,_RNCNCNCNvXs2_NtNtCsf2i7I5CTk8o_5govee7backend5cloudNtBb_12CloudBackendNtBd_12GoveeBackend12list_devices00s6_0Bf_
FN:926,_RNCNCNCNvXs2_NtNtCsf2i7I5CTk8o_5govee7backend5cloudNtBb_12CloudBackendNtBd_12GoveeBackend12list_devices00s_0Bf_
FN:1208,_RNCNCNCNvXs2_NtNtCsf2i7I5CTk8o_5govee7backend5cloudNtBb_12CloudBackendNtBd_12GoveeBackend15list_work_modes000Bf_
FN:187,_RNCNCNvMNtNtCsf2i7I5CTk8o_5govee7backend5cloudNtB6_12CloudBackend12send_control00Ba_
FN:265,_RNCNCNvMNtNtCsf2i7I5CTk8o_5govee7backend5cloudNtB6_12CloudBackend14check_response00Ba_
FN:467,_RNCNCNvMNtNtCsf2i7I5CTk8o_5govee7backend5cloudNtB6_12CloudBackend21list_diy_scenes_cloud00Ba_
FN:488,_RNCNCNvMNtNtCsf2i7I5CTk8o_5govee7backend5cloudNtB6_12CloudBackend21list_diy_scenes_cloud0s_0Ba_
FN:647,_RNCNCNvMs_NtNtCsf2i7I5CTk8o_5govee7backend5cloudNtB8_12CloudBackend12v1_get_state00Bc_
FN:885,_RNCNCNvNtNtCsf2i7I5CTk8o_5govee7backend5cloud16parse_work_modes00B9_
FN:543,_RNCNvMNtNtCsf2i7I5CTk8o_5govee7backend5cloudNtB4_12CloudBackend10control_v20B8_
FN:395,_RNCNvMNtNtCsf2i7I5CTk8o_5govee7backend5cloudNtB4_12CloudBackend12get_state_v20B8_
FN:182,_RNCNvMNtNtCsf2i7I5CTk8o_5govee7backend5cloudNtB4_12CloudBackend12send_control0B8_
FN:254,_RNCNvMNtNtCsf2i7I5CTk8o_5govee7backend5cloudNtB4_12CloudBackend14check_response0B8_
FN:520,_RNCNvMNtNtCsf2i7I5CTk8o_5govee7backend5cloudNtB4_12CloudBackend15list_devices_v20B8_
FN:533,_RNCNvMNtNtCsf2i7I5CTk8o_5govee7backend5cloudNtB4_12CloudBackend16get_capabilities0B8_
FN:504,_RNCNvMNtNtCsf2i7I5CTk8o_5govee7backend5cloudNtB4_12CloudBackend17with_new_api_base0B8_
FN:463,_RNCNvMNtNtCsf2i7I5CTk8o_5govee7backend5cloudNtB4_12CloudBackend21list_diy_scenes_cloud0B8_
FN:126,_RNCNvMNtNtCsf2i7I5CTk8o_5govee7backend5cloudNtB4_12CloudBackend3new0B8_
FN:135,_RNCNvMNtNtCsf2i7I5CTk8o_5govee7backend5cloudNtB4_12CloudBackend3news0_0B8_
FN:142,_RNCNvMNtNtCsf2i7I5CTk8o_5govee7backend5cloudNtB4_12CloudBackend3news1_0B8_
FN:133,_RNCNvMNtNtCsf2i7I5CTk8o_5govee7backend5cloudNtB4_12CloudBackend3news_0B8_
FN:164,_RNCNvMNtNtCsf2i7I5CTk8o_5govee7backend5cloudNtB4_12CloudBackend9get_model0B8_
FN:165,_RNCNvMNtNtCsf2i7I5CTk8o_5govee7backend5cloudNtB4_12CloudBackend9get_models_0B8_
FN:627,_RNCNvMs_NtNtCsf2i7I5CTk8o_5govee7backend5cloudNtB6_12CloudBackend12v1_get_state0Ba_
FN:53,_RNCNvNtNtCsf2i7I5CTk8o_5govee7backend5cloud11is_loopback0B7_
FN:56,_RNCNvNtNtCsf2i7I5CTk8o_5govee7backend5cloud11is_loopbacks_0B7_
FN:63,_RNCNvNtNtCsf2i7I5CTk8o_5govee7backend5cloud12build_client0B7_
FN:884,_RNCNvNtNtCsf2i7I5CTk8o_5govee7backend5cloud16parse_work_modes0B7_
FN:901,_RNCNvNtNtCsf2i7I5CTk8o_5govee7backend5cloud17parse_retry_after0B7_
FN:902,_RNCNvNtNtCsf2i7I5CTk8o_5govee7backend5cloud17parse_retry_afters_0B7_
FN:824,_RNCNvNtNtCsf2i7I5CTk8o_5govee7backend5cloud27build_state_from_properties0B7_
FN:830,_RNCNvNtNtCsf2i7I5CTk8o_5govee7backend5cloud27build_state_from_propertiess0_0B7_
FN:833,_RNCNvNtNtCsf2i7I5CTk8o_5govee7backend5cloud27build_state_from_propertiess1_0B7_
FN:834,_RNCNvNtNtCsf2i7I5CTk8o_5govee7backend5cloud27build_state_from_propertiess2_0B7_
FN:835,_RNCNvNtNtCsf2i7I5CTk8o_5govee7backend5cloud27build_state_from_propertiess3_0B7_
FN:836,_RNCNvNtNtCsf2i7I5CTk8o_5govee7backend5cloud27build_state_from_propertiess4_0B7_
FN:839,_RNCNvNtNtCsf2i7I5CTk8o_5govee7backend5cloud27build_state_from_propertiess5_0B7_
FN:827,_RNCNvNtNtCsf2i7I5CTk8o_5govee7backend5cloud27build_state_from_propertiess_0B7_
FN:1240,_RNCNvXs1_NtNtCsf2i7I5CTk8o_5govee7backend5cloudNtB7_12CloudBackendNtNtCs85QQFkKrybG_4core3fmt5Debug3fmt0Bb_
FN:1244,_RNCNvXs1_NtNtCsf2i7I5CTk8o_5govee7backend5cloudNtB7_12CloudBackendNtNtCs85QQFkKrybG_4core3fmt5Debug3fmts_0Bb_
FN:543,_RNvMNtNtCsf2i7I5CTk8o_5govee7backend5cloudNtB2_12CloudBackend10control_v2
FN:277,_RNvMNtNtCsf2i7I5CTk8o_5govee7backend5cloudNtB2_12CloudBackend11retry_delay
FN:395,_RNvMNtNtCsf2i7I5CTk8o_5govee7backend5cloudNtB2_12CloudBackend12get_state_v2
FN:177,_RNvMNtNtCsf2i7I5CTk8o_5govee7backend5cloudNtB2_12CloudBackend12send_control
FN:254,_RNvMNtNtCsf2i7I5CTk8o_5govee7backend5cloudNtB2_12CloudBackend14check_response
FN:520,_RNvMNtNtCsf2i7I5CTk8o_5govee7backend5cloudNtB2_12CloudBackend15list_devices_v2
FN:530,_RNvMNtNtCsf2i7I5CTk8o_5govee7backend5cloudNtB2_12CloudBackend16get_capabilities
FN:503,_RNvMNtNtCsf2i7I5CTk8o_5govee7backend5cloudNtB2_12CloudBackend17with_new_api_base
FN:293,_RNvMNtNtCsf2i7I5CTk8o_5govee7backend5cloudNtB2_12CloudBackend20map_new_api_code_err
FN:463,_RNvMNtNtCsf2i7I5CTk8o_5govee7backend5cloudNtB2_12CloudBackend21list_diy_scenes_cloud
FN:119,_RNvMNtNtCsf2i7I5CTk8o_5govee7backend5cloudNtB2_12CloudBackend3new
FN:160,_RNvMNtNtCsf2i7I5CTk8o_5govee7backend5cloudNtB2_12CloudBackend9get_model
FN:777,_RNvMs0_NtNtCsf2i7I5CTk8o_5govee7backend5cloudNtB5_8V1Device11into_domain
FN:627,_RNvMs_NtNtCsf2i7I5CTk8o_5govee7backend5cloudNtB4_12CloudBackend12v1_get_state
FN:36,_RNvNtNtCsf2i7I5CTk8o_5govee7backend5cloud10user_agent
FN:46,_RNvNtNtCsf2i7I5CTk8o_5govee7backend5cloud11is_loopback
FN:62,_RNvNtNtCsf2i7I5CTk8o_5govee7backend5cloud12build_client
FN:876,_RNvNtNtCsf2i7I5CTk8o_5govee7backend5cloud16parse_work_modes
FN:897,_RNvNtNtCsf2i7I5CTk8o_5govee7backend5cloud17parse_retry_after
FN:816,_RNvNtNtCsf2i7I5CTk8o_5govee7backend5cloud27build_state_from_properties
FN:1239,_RNvXs1_NtNtCsf2i7I5CTk8o_5govee7backend5cloudNtB5_12CloudBackendNtNtCs85QQFkKrybG_4core3fmt5Debug3fmt
FN:1233,_RNvXs2_NtNtCsf2i7I5CTk8o_5govee7backend5cloudNtB5_12CloudBackendNtB7_12GoveeBackend12backend_type
FN:1280,_RNvNtNtNtCseqgZqxOBWDO_5govee7backend5cloud5testss_19rejects_invalid_url
FN:1269,_RNvNtNtNtCseqgZqxOBWDO_5govee7backend5cloud5testss_20allows_http_loopback
FN:1307,_RNvNtNtNtCseqgZqxOBWDO_5govee7backend5cloud5testss_21debug_redacts_api_key
FN:1315,_RNvNtNtNtCseqgZqxOBWDO_5govee7backend5cloud5testss_21v1_device_into_domain
FN:1287,_RNvNtNtNtCseqgZqxOBWDO_5govee7backend5cloud5testss_22accepts_https_base_url
FN:1417,_RNvNtNtNtCseqgZqxOBWDO_5govee7backend5cloud5testss_24user_agent_crlf_rejected
FN:1469,_RNvNtNtNtCseqgZqxOBWDO_5govee7backend5cloud5testss_25allows_http_ipv6_loopback
FN:1293,_RNvNtNtNtCseqgZqxOBWDO_5govee7backend5cloud5testss_25default_base_url_is_https
FN:1260,_RNvNtNtNtCseqgZqxOBWDO_5govee7backend5cloud5testss_25rejects_http_non_loopback
FN:1299,_RNvNtNtNtCseqgZqxOBWDO_5govee7backend5cloud5testss_25trailing_slash_normalized
FN:1340,_RNvNtNtNtCseqgZqxOBWDO_5govee7backend5cloud5testss_26build_state_all_properties
FN:1411,_RNvNtNtNtCseqgZqxOBWDO_5govee7backend5cloud5testss_26custom_user_agent_accepted
FN:1404,_RNvNtNtNtCseqgZqxOBWDO_5govee7backend5cloud5testss_27user_agent_contains_version
FN:1360,_RNvNtNtNtCseqgZqxOBWDO_5govee7backend5cloud5testss_28build_state_offline_is_stale
FN:1371,_RNvNtNtNtCseqgZqxOBWDO_5govee7backend5cloud5testss_29build_state_clamps_brightness
FN:1429,_RNvNtNtNtCseqgZqxOBWDO_5govee7backend5cloud5testss_29user_agent_null_byte_rejected
FN:1387,_RNvNtNtNtCseqgZqxOBWDO_5govee7backend5cloud5testss_34build_state_clamps_color_above_255
FN:1455,_RNvNtNtNtCseqgZqxOBWDO_5govee7backend5cloud5testss_34map_new_api_code_err_overflows_u16
FN:1436,_RNvNtNtNtCseqgZqxOBWDO_5govee7backend5cloud5testss_35set_color_temp_kelvin_zero_rejected
FN:1330,_RNvNtNtNtCseqgZqxOBWDO_5govee7backend5cloud5testss_35v1_device_invalid_mac_returns_error
FN:1462,_RNvNtNtNtCseqgZqxOBWDO_5govee7backend5cloud5testss_37with_new_api_base_rejects_invalid_url
FN:1395,_RNvNtNtNtCseqgZqxOBWDO_5govee7backend5cloud5testss_38build_state_unknown_properties_ignored
FN:1379,_RNvNtNtNtCseqgZqxOBWDO_5govee7backend5cloud5testss_39build_state_clamps_brightness_above_255
FN:1475,_RNvNtNtNtCseqgZqxOBWDO_5govee7backend5cloud5testss_40get_capabilities_returns_none_when_empty
FN:1482,_RNvNtNtNtCseqgZqxOBWDO_5govee7backend5cloud5testss_42control_v2_not_implemented_for_raw_variant
FN:1446,_RNvNtNtNtCseqgZqxOBWDO_5govee7backend5cloud5testss_42set_color_temp_kelvin_above_10000_rejected
FN:364,_RINvMNtNtCseqgZqxOBWDO_5govee7backend5cloudNtB3_12CloudBackend11new_api_getINtNtCsdFlNUEO95cG_5alloc3vec3VecNtB3_8V2DeviceEuEB7_
FN:328,_RINvMNtNtCseqgZqxOBWDO_5govee7backend5cloudNtB3_12CloudBackend12new_api_postNtB3_14ControlPayloadNtNtCs2gIcK9cuZ92_10serde_json5value5ValueEB7_
FN:328,_RINvMNtNtCseqgZqxOBWDO_5govee7backend5cloudNtB3_12CloudBackend12new_api_postNtNtCs2gIcK9cuZ92_10serde_json5value5ValueNtB3_17SceneListResponseEB7_
FN:328,_RINvMNtNtCseqgZqxOBWDO_5govee7backend5cloudNtB3_12CloudBackend12new_api_postNtNtCs2gIcK9cuZ92_10serde_json5value5ValueNtB3_20DiySceneListResponseEB7_
FN:328,_RINvMNtNtCseqgZqxOBWDO_5govee7backend5cloudNtB3_12CloudBackend12new_api_postNtNtCs2gIcK9cuZ92_10serde_json5value5ValueNtNCNvB2_12get_state_v2015V2StateResponseEB7_
FN:368,_RNCINvMNtNtCseqgZqxOBWDO_5govee7backend5cloudNtB5_12CloudBackend11new_api_getINtNtCsdFlNUEO95cG_5alloc3vec3VecNtB5_8V2DeviceEuE0B9_
FN:332,_RNCINvMNtNtCseqgZqxOBWDO_5govee7backend5cloudNtB5_12CloudBackend12new_api_postNtB5_14ControlPayloadNtNtCs2gIcK9cuZ92_10serde_json5value5ValueE0B9_
FN:332,_RNCINvMNtNtCseqgZqxOBWDO_5govee7backend5cloudNtB5_12CloudBackend12new_api_postNtNtCs2gIcK9cuZ92_10serde_json5value5ValueNtB5_17SceneListResponseE0B9_
FN:332,_RNCINvMNtNtCseqgZqxOBWDO_5govee7backend5cloudNtB5_12CloudBackend12new_api_postNtNtCs2gIcK9cuZ92_10serde_json5value5ValueNtB5_20DiySceneListResponseE0B9_
FN:332,_RNCINvMNtNtCseqgZqxOBWDO_5govee7backend5cloudNtB5_12CloudBackend12new_api_postNtNtCs2gIcK9cuZ92_10serde_json5value5ValueNtNCNvB4_12get_state_v2015V2StateResponseE0B9_
FN:369,_RNCNCINvMNtNtCseqgZqxOBWDO_5govee7backend5cloudNtB7_12CloudBackend11new_api_getINtNtCsdFlNUEO95cG_5alloc3vec3VecNtB7_8V2DeviceEuE00Bb_
FN:333,_RNCNCINvMNtNtCseqgZqxOBWDO_5govee7backend5cloudNtB7_12CloudBackend12new_api_postNtB7_14ControlPayloadNtNtCs2gIcK9cuZ92_10serde_json5value5ValueE00Bb_
FN:333,_RNCNCINvMNtNtCseqgZqxOBWDO_5govee7backend5cloudNtB7_12CloudBackend12new_api_postNtNtCs2gIcK9cuZ92_10serde_json5value5ValueNtB7_17SceneListResponseE00Bb_
FN:333,_RNCNCINvMNtNtCseqgZqxOBWDO_5govee7backend5cloudNtB7_12CloudBackend12new_api_postNtNtCs2gIcK9cuZ92_10serde_json5value5ValueNtB7_20DiySceneListResponseE00Bb_
FN:333,_RNCNCINvMNtNtCseqgZqxOBWDO_5govee7backend5cloudNtB7_12CloudBackend12new_api_postNtNtCs2gIcK9cuZ92_10serde_json5value5ValueNtNCNvB6_12get_state_v2015V2StateResponseE00Bb_
FN:920,_RNCNCNCNCNvXs2_NtNtCseqgZqxOBWDO_5govee7backend5cloudNtBd_12CloudBackendNtBf_12GoveeBackend12list_devices0000Bh_
FN:936,_RNCNCNCNCNvXs2_NtNtCseqgZqxOBWDO_5govee7backend5cloudNtBd_12CloudBackendNtBf_12GoveeBackend12list_devices00s0_00Bh_
FN:467,_RNCNCNCNvMNtNtCseqgZqxOBWDO_5govee7backend5cloudNtB8_12CloudBackend21list_diy_scenes_cloud000Bc_
FN:1117,_RNCNCNCNvXs2_NtNtCseqgZqxOBWDO_5govee7backend5cloudNtBb_12CloudBackendNtBd_12GoveeBackend11list_scenes000Bf_
FN:1139,_RNCNCNCNvXs2_NtNtCseqgZqxOBWDO_5govee7backend5cloudNtBb_12CloudBackendNtBd_12GoveeBackend11list_scenes00s_0Bf_
FN:917,_RNCNCNCNvXs2_NtNtCseqgZqxOBWDO_5govee7backend5cloudNtBb_12CloudBackendNtBd_12GoveeBackend12list_devices000Bf_
FN:932,_RNCNCNCNvXs2_NtNtCseqgZqxOBWDO_5govee7backend5cloudNtBb_12CloudBackendNtBd_12GoveeBackend12list_devices00s0_0Bf_
FN:964,_RNCNCNCNvXs2_NtNtCseqgZqxOBWDO_5govee7backend5cloudNtBb_12CloudBackendNtBd_12GoveeBackend12list_devices00s1_0Bf_
FN:969,_RNCNCNCNvXs2_NtNtCseqgZqxOBWDO_5govee7backend5cloudNtBb_12CloudBackendNtBd_12GoveeBackend12list_devices00s2_0Bf_
FN:984,_RNCNCNCNvXs2_NtNtCseqgZqxOBWDO_5govee7backend5cloudNtBb_12CloudBackendNtBd_12GoveeBackend12list_devices00s3_0Bf_
FN:987,_RNCNCNCNvXs2_NtNtCseqgZqxOBWDO_5govee7backend5cloudNtBb_12CloudBackendNtBd_12GoveeBackend12list_devices00s4_0Bf_
FN:1011,_RNCNCNCNvXs2_NtNtCseqgZqxOBWDO_5govee7backend5cloudNtBb_12CloudBackendNtBd_12GoveeBackend12list_devices00s5_0Bf_
FN:1016,_RNCNCNCNvXs2_NtNtCseqgZqxOBWDO_5govee7backend5cloudNtBb_12CloudBackendNtBd_12GoveeBackend12list_devices00s6_0Bf_
FN:926,_RNCNCNCNvXs2_NtNtCseqgZqxOBWDO_5govee7backend5cloudNtBb_12CloudBackendNtBd_12GoveeBackend12list_devices00s_0Bf_
FN:1208,_RNCNCNCNvXs2_NtNtCseqgZqxOBWDO_5govee7backend5cloudNtBb_12CloudBackendNtBd_12GoveeBackend15list_work_modes000Bf_
FN:187,_RNCNCNvMNtNtCseqgZqxOBWDO_5govee7backend5cloudNtB6_12CloudBackend12send_control00Ba_
FN:265,_RNCNCNvMNtNtCseqgZqxOBWDO_5govee7backend5cloudNtB6_12CloudBackend14check_response00Ba_
FN:467,_RNCNCNvMNtNtCseqgZqxOBWDO_5govee7backend5cloudNtB6_12CloudBackend21list_diy_scenes_cloud00Ba_
FN:488,_RNCNCNvMNtNtCseqgZqxOBWDO_5govee7backend5cloudNtB6_12CloudBackend21list_diy_scenes_cloud0s_0Ba_
FN:647,_RNCNCNvMs_NtNtCseqgZqxOBWDO_5govee7backend5cloudNtB8_12CloudBackend12v1_get_state00Bc_
FN:885,_RNCNCNvNtNtCseqgZqxOBWDO_5govee7backend5cloud16parse_work_modes00B9_
FN:543,_RNCNvMNtNtCseqgZqxOBWDO_5govee7backend5cloudNtB4_12CloudBackend10control_v20B8_
FN:395,_RNCNvMNtNtCseqgZqxOBWDO_5govee7backend5cloudNtB4_12CloudBackend12get_state_v20B8_
FN:182,_RNCNvMNtNtCseqgZqxOBWDO_5govee7backend5cloudNtB4_12CloudBackend12send_control0B8_
FN:254,_RNCNvMNtNtCseqgZqxOBWDO_5govee7backend5cloudNtB4_12CloudBackend14check_response0B8_
FN:520,_RNCNvMNtNtCseqgZqxOBWDO_5govee7backend5cloudNtB4_12CloudBackend15list_devices_v20B8_
FN:533,_RNCNvMNtNtCseqgZqxOBWDO_5govee7backend5cloudNtB4_12CloudBackend16get_capabilities0B8_
FN:504,_RNCNvMNtNtCseqgZqxOBWDO_5govee7backend5cloudNtB4_12CloudBackend17with_new_api_base0B8_
FN:463,_RNCNvMNtNtCseqgZqxOBWDO_5govee7backend5cloudNtB4_12CloudBackend21list_diy_scenes_cloud0B8_
FN:126,_RNCNvMNtNtCseqgZqxOBWDO_5govee7backend5cloudNtB4_12CloudBackend3new0B8_
FN:135,_RNCNvMNtNtCseqgZqxOBWDO_5govee7backend5cloudNtB4_12CloudBackend3news0_0B8_
FN:142,_RNCNvMNtNtCseqgZqxOBWDO_5govee7backend5cloudNtB4_12CloudBackend3news1_0B8_
FN:133,_RNCNvMNtNtCseqgZqxOBWDO_5govee7backend5cloudNtB4_12CloudBackend3news_0B8_
FN:164,_RNCNvMNtNtCseqgZqxOBWDO_5govee7backend5cloudNtB4_12CloudBackend9get_model0B8_
FN:165,_RNCNvMNtNtCseqgZqxOBWDO_5govee7backend5cloudNtB4_12CloudBackend9get_models_0B8_
FN:627,_RNCNvMs_NtNtCseqgZqxOBWDO_5govee7backend5cloudNtB6_12CloudBackend12v1_get_state0Ba_
FN:53,_RNCNvNtNtCseqgZqxOBWDO_5govee7backend5cloud11is_loopback0B7_
FN:56,_RNCNvNtNtCseqgZqxOBWDO_5govee7backend5cloud11is_loopbacks_0B7_
FN:63,_RNCNvNtNtCseqgZqxOBWDO_5govee7backend5cloud12build_client0B7_
FN:884,_RNCNvNtNtCseqgZqxOBWDO_5govee7backend5cloud16parse_work_modes0B7_
FN:901,_RNCNvNtNtCseqgZqxOBWDO_5govee7backend5cloud17parse_retry_after0B7_
FN:902,_RNCNvNtNtCseqgZqxOBWDO_5govee7backend5cloud17parse_retry_afters_0B7_
FN:824,_RNCNvNtNtCseqgZqxOBWDO_5govee7backend5cloud27build_state_from_properties0B7_
FN:830,_RNCNvNtNtCseqgZqxOBWDO_5govee7backend5cloud27build_state_from_propertiess0_0B7_
FN:833,_RNCNvNtNtCseqgZqxOBWDO_5govee7backend5cloud27build_state_from_propertiess1_0B7_
FN:834,_RNCNvNtNtCseqgZqxOBWDO_5govee7backend5cloud27build_state_from_propertiess2_0B7_
FN:835,_RNCNvNtNtCseqgZqxOBWDO_5govee7backend5cloud27build_state_from_propertiess3_0B7_
FN:836,_RNCNvNtNtCseqgZqxOBWDO_5govee7backend5cloud27build_state_from_propertiess4_0B7_
FN:839,_RNCNvNtNtCseqgZqxOBWDO_5govee7backend5cloud27build_state_from_propertiess5_0B7_
FN:827,_RNCNvNtNtCseqgZqxOBWDO_5govee7backend5cloud27build_state_from_propertiess_0B7_
FN:1240,_RNCNvXs1_NtNtCseqgZqxOBWDO_5govee7backend5cloudNtB7_12CloudBackendNtNtCs85QQFkKrybG_4core3fmt5Debug3fmt0Bb_
FN:1244,_RNCNvXs1_NtNtCseqgZqxOBWDO_5govee7backend5cloudNtB7_12CloudBackendNtNtCs85QQFkKrybG_4core3fmt5Debug3fmts_0Bb_
FN:543,_RNvMNtNtCseqgZqxOBWDO_5govee7backend5cloudNtB2_12CloudBackend10control_v2
FN:277,_RNvMNtNtCseqgZqxOBWDO_5govee7backend5cloudNtB2_12CloudBackend11retry_delay
FN:395,_RNvMNtNtCseqgZqxOBWDO_5govee7backend5cloudNtB2_12CloudBackend12get_state_v2
FN:177,_RNvMNtNtCseqgZqxOBWDO_5govee7backend5cloudNtB2_12CloudBackend12send_control
FN:254,_RNvMNtNtCseqgZqxOBWDO_5govee7backend5cloudNtB2_12CloudBackend14check_response
FN:520,_RNvMNtNtCseqgZqxOBWDO_5govee7backend5cloudNtB2_12CloudBackend15list_devices_v2
FN:530,_RNvMNtNtCseqgZqxOBWDO_5govee7backend5cloudNtB2_12CloudBackend16get_capabilities
FN:503,_RNvMNtNtCseqgZqxOBWDO_5govee7backend5cloudNtB2_12CloudBackend17with_new_api_base
FN:293,_RNvMNtNtCseqgZqxOBWDO_5govee7backend5cloudNtB2_12CloudBackend20map_new_api_code_err
FN:463,_RNvMNtNtCseqgZqxOBWDO_5govee7backend5cloudNtB2_12CloudBackend21list_diy_scenes_cloud
FN:119,_RNvMNtNtCseqgZqxOBWDO_5govee7backend5cloudNtB2_12CloudBackend3new
FN:160,_RNvMNtNtCseqgZqxOBWDO_5govee7backend5cloudNtB2_12CloudBackend9get_model
FN:777,_RNvMs0_NtNtCseqgZqxOBWDO_5govee7backend5cloudNtB5_8V1Device11into_domain
FN:627,_RNvMs_NtNtCseqgZqxOBWDO_5govee7backend5cloudNtB4_12CloudBackend12v1_get_state
FN:36,_RNvNtNtCseqgZqxOBWDO_5govee7backend5cloud10user_agent
FN:46,_RNvNtNtCseqgZqxOBWDO_5govee7backend5cloud11is_loopback
FN:62,_RNvNtNtCseqgZqxOBWDO_5govee7backend5cloud12build_client
FN:876,_RNvNtNtCseqgZqxOBWDO_5govee7backend5cloud16parse_work_modes
FN:897,_RNvNtNtCseqgZqxOBWDO_5govee7backend5cloud17parse_retry_after
FN:816,_RNvNtNtCseqgZqxOBWDO_5govee7backend5cloud27build_state_from_properties
FN:1239,_RNvXs1_NtNtCseqgZqxOBWDO_5govee7backend5cloudNtB5_12CloudBackendNtNtCs85QQFkKrybG_4core3fmt5Debug3fmt
FN:1233,_RNvXs2_NtNtCseqgZqxOBWDO_5govee7backend5cloudNtB5_12CloudBackendNtB7_12GoveeBackend12backend_type
FN:1436,_RNCNvNtNtNtCseqgZqxOBWDO_5govee7backend5cloud5testss_35set_color_temp_kelvin_zero_rejected0B9_
FN:1482,_RNCNvNtNtNtCseqgZqxOBWDO_5govee7backend5cloud5testss_42control_v2_not_implemented_for_raw_variant0B9_
FN:1446,_RNCNvNtNtNtCseqgZqxOBWDO_5govee7backend5cloud5testss_42set_color_temp_kelvin_above_10000_rejected0B9_
FNDA:2,_RINvMNtNtCsf2i7I5CTk8o_5govee7backend5cloudNtB3_12CloudBackend11new_api_getNtNtCs2gIcK9cuZ92_10serde_json5value5ValueuECs91vKP4uy340_10cloud_mock
FNDA:12,_RINvMNtNtCsf2i7I5CTk8o_5govee7backend5cloudNtB3_12CloudBackend12new_api_postNtNtCs2gIcK9cuZ92_10serde_json5value5ValueB1c_ECs91vKP4uy340_10cloud_mock
FNDA:1,_RINvMNtNtCsf2i7I5CTk8o_5govee7backend5cloudNtB3_12CloudBackend12new_api_postNtNtCs2gIcK9cuZ92_10serde_json5value5ValueNtCs91vKP4uy340_10cloud_mock15ConcretePayloadEB1U_
FNDA:2,_RNCINvMNtNtCsf2i7I5CTk8o_5govee7backend5cloudNtB5_12CloudBackend11new_api_getNtNtCs2gIcK9cuZ92_10serde_json5value5ValueuE0Cs91vKP4uy340_10cloud_mock
FNDA:12,_RNCINvMNtNtCsf2i7I5CTk8o_5govee7backend5cloudNtB5_12CloudBackend12new_api_postNtNtCs2gIcK9cuZ92_10serde_json5value5ValueB1e_E0Cs91vKP4uy340_10cloud_mock
FNDA:1,_RNCINvMNtNtCsf2i7I5CTk8o_5govee7backend5cloudNtB5_12CloudBackend12new_api_postNtNtCs2gIcK9cuZ92_10serde_json5value5ValueNtCs91vKP4uy340_10cloud_mock15ConcretePayloadE0B1W_
FNDA:0,_RNCNCINvMNtNtCsf2i7I5CTk8o_5govee7backend5cloudNtB7_12CloudBackend11new_api_getNtNtCs2gIcK9cuZ92_10serde_json5value5ValueuE00Cs91vKP4uy340_10cloud_mock
FNDA:0,_RNCNCINvMNtNtCsf2i7I5CTk8o_5govee7backend5cloudNtB7_12CloudBackend12new_api_postNtNtCs2gIcK9cuZ92_10serde_json5value5ValueB1g_E00Cs91vKP4uy340_10cloud_mock
FNDA:0,_RNCNCINvMNtNtCsf2i7I5CTk8o_5govee7backend5cloudNtB7_12CloudBackend12new_api_postNtNtCs2gIcK9cuZ92_10serde_json5value5ValueNtCs91vKP4uy340_10cloud_mock15ConcretePayloadE00B1Y_
FNDA:46,_RINvMNtNtCsf2i7I5CTk8o_5govee7backend5cloudNtB3_12CloudBackend11new_api_getINtNtCsdFlNUEO95cG_5alloc3vec3VecNtB3_8V2DeviceEuEB7_
FNDA:20,_RINvMNtNtCsf2i7I5CTk8o_5govee7backend5cloudNtB3_12CloudBackend12new_api_postNtB3_14ControlPayloadNtNtCs2gIcK9cuZ92_10serde_json5value5ValueEB7_
FNDA:1,_RINvMNtNtCsf2i7I5CTk8o_5govee7backend5cloudNtB3_12CloudBackend12new_api_postNtNtCs2gIcK9cuZ92_10serde_json5value5ValueNtB3_17SceneListResponseEB7_
FNDA:1,_RINvMNtNtCsf2i7I5CTk8o_5govee7backend5cloudNtB3_12CloudBackend12new_api_postNtNtCs2gIcK9cuZ92_10serde_json5value5ValueNtB3_20DiySceneListResponseEB7_
FNDA:6,_RINvMNtNtCsf2i7I5CTk8o_5govee7backend5cloudNtB3_12CloudBackend12new_api_postNtNtCs2gIcK9cuZ92_10serde_json5value5ValueNtNCNvB2_12get_state_v2015V2StateResponseEB7_
FNDA:46,_RNCINvMNtNtCsf2i7I5CTk8o_5govee7backend5cloudNtB5_12CloudBackend11new_api_getINtNtCsdFlNUEO95cG_5alloc3vec3VecNtB5_8V2DeviceEuE0B9_
FNDA:20,_RNCINvMNtNtCsf2i7I5CTk8o_5govee7backend5cloudNtB5_12CloudBackend12new_api_postNtB5_14ControlPayloadNtNtCs2gIcK9cuZ92_10serde_json5value5ValueE0B9_
FNDA:1,_RNCINvMNtNtCsf2i7I5CTk8o_5govee7backend5cloudNtB5_12CloudBackend12new_api_postNtNtCs2gIcK9cuZ92_10serde_json5value5ValueNtB5_17SceneListResponseE0B9_
FNDA:1,_RNCINvMNtNtCsf2i7I5CTk8o_5govee7backend5cloudNtB5_12CloudBackend12new_api_postNtNtCs2gIcK9cuZ92_10serde_json5value5ValueNtB5_20DiySceneListResponseE0B9_
FNDA:6,_RNCINvMNtNtCsf2i7I5CTk8o_5govee7backend5cloudNtB5_12CloudBackend12new_api_postNtNtCs2gIcK9cuZ92_10serde_json5value5ValueNtNCNvB4_12get_state_v2015V2StateResponseE0B9_
FNDA:0,_RNCNCINvMNtNtCsf2i7I5CTk8o_5govee7backend5cloudNtB7_12CloudBackend11new_api_getINtNtCsdFlNUEO95cG_5alloc3vec3VecNtB7_8V2DeviceEuE00Bb_
FNDA:0,_RNCNCINvMNtNtCsf2i7I5CTk8o_5govee7backend5cloudNtB7_12CloudBackend12new_api_postNtB7_14ControlPayloadNtNtCs2gIcK9cuZ92_10serde_json5value5ValueE00Bb_
FNDA:0,_RNCNCINvMNtNtCsf2i7I5CTk8o_5govee7backend5cloudNtB7_12CloudBackend12new_api_postNtNtCs2gIcK9cuZ92_10serde_json5value5ValueNtB7_17SceneListResponseE00Bb_
FNDA:0,_RNCNCINvMNtNtCsf2i7I5CTk8o_5govee7backend5cloudNtB7_12CloudBackend12new_api_postNtNtCs2gIcK9cuZ92_10serde_json5value5ValueNtB7_20DiySceneListResponseE00Bb_
FNDA:0,_RNCNCINvMNtNtCsf2i7I5CTk8o_5govee7backend5cloudNtB7_12CloudBackend12new_api_postNtNtCs2gIcK9cuZ92_10serde_json5value5ValueNtNCNvB6_12get_state_v2015V2StateResponseE00Bb_
FNDA:10,_RNCNCNCNCNvXs2_NtNtCsf2i7I5CTk8o_5govee7backend5cloudNtBd_12CloudBackendNtBf_12GoveeBackend12list_devices0000Bh_
FNDA:0,_RNCNCNCNCNvXs2_NtNtCsf2i7I5CTk8o_5govee7backend5cloudNtBd_12CloudBackendNtBf_12GoveeBackend12list_devices00s0_00Bh_
FNDA:2,_RNCNCNCNvMNtNtCsf2i7I5CTk8o_5govee7backend5cloudNtB8_12CloudBackend21list_diy_scenes_cloud000Bc_
FNDA:2,_RNCNCNCNvXs2_NtNtCsf2i7I5CTk8o_5govee7backend5cloudNtBb_12CloudBackendNtBd_12GoveeBackend11list_scenes000Bf_
FNDA:2,_RNCNCNCNvXs2_NtNtCsf2i7I5CTk8o_5govee7backend5cloudNtBb_12CloudBackendNtBd_12GoveeBackend11list_scenes00s_0Bf_
FNDA:10,_RNCNCNCNvXs2_NtNtCsf2i7I5CTk8o_5govee7backend5cloudNtBb_12CloudBackendNtBd_12GoveeBackend12list_devices000Bf_
FNDA:46,_RNCNCNCNvXs2_NtNtCsf2i7I5CTk8o_5govee7backend5cloudNtBb_12CloudBackendNtBd_12GoveeBackend12list_devices00s0_0Bf_
FNDA:58,_RNCNCNCNvXs2_NtNtCsf2i7I5CTk8o_5govee7backend5cloudNtBb_12CloudBackendNtBd_12GoveeBackend12list_devices00s1_0Bf_
FNDA:0,_RNCNCNCNvXs2_NtNtCsf2i7I5CTk8o_5govee7backend5cloudNtBb_12CloudBackendNtBd_12GoveeBackend12list_devices00s2_0Bf_
FNDA:10,_RNCNCNCNvXs2_NtNtCsf2i7I5CTk8o_5govee7backend5cloudNtBb_12CloudBackendNtBd_12GoveeBackend12list_devices00s3_0Bf_
FNDA:10,_RNCNCNCNvXs2_NtNtCsf2i7I5CTk8o_5govee7backend5cloudNtBb_12CloudBackendNtBd_12GoveeBackend12list_devices00s4_0Bf_
FNDA:15,_RNCNCNCNvXs2_NtNtCsf2i7I5CTk8o_5govee7backend5cloudNtBb_12CloudBackendNtBd_12GoveeBackend12list_devices00s5_0Bf_
FNDA:0,_RNCNCNCNvXs2_NtNtCsf2i7I5CTk8o_5govee7backend5cloudNtBb_12CloudBackendNtBd_12GoveeBackend12list_devices00s6_0Bf_
FNDA:0,_RNCNCNCNvXs2_NtNtCsf2i7I5CTk8o_5govee7backend5cloudNtBb_12CloudBackendNtBd_12GoveeBackend12list_devices00s_0Bf_
FNDA:2,_RNCNCNCNvXs2_NtNtCsf2i7I5CTk8o_5govee7backend5cloudNtBb_12CloudBackendNtBd_12GoveeBackend15list_work_modes000Bf_
FNDA:0,_RNCNCNvMNtNtCsf2i7I5CTk8o_5govee7backend5cloudNtB6_12CloudBackend12send_control00Ba_
FNDA:0,_RNCNCNvMNtNtCsf2i7I5CTk8o_5govee7backend5cloudNtB6_12CloudBackend14check_response00Ba_
FNDA:2,_RNCNCNvMNtNtCsf2i7I5CTk8o_5govee7backend5cloudNtB6_12CloudBackend21list_diy_scenes_cloud00Ba_
FNDA:2,_RNCNCNvMNtNtCsf2i7I5CTk8o_5govee7backend5cloudNtB6_12CloudBackend21list_diy_scenes_cloud0s_0Ba_
FNDA:0,_RNCNCNvMs_NtNtCsf2i7I5CTk8o_5govee7backend5cloudNtB8_12CloudBackend12v1_get_state00Bc_
FNDA:2,_RNCNCNvNtNtCsf2i7I5CTk8o_5govee7backend5cloud16parse_work_modes00B9_
FNDA:21,_RNCNvMNtNtCsf2i7I5CTk8o_5govee7backend5cloudNtB4_12CloudBackend10control_v20B8_
FNDA:7,_RNCNvMNtNtCsf2i7I5CTk8o_5govee7backend5cloudNtB4_12CloudBackend12get_state_v20B8_
FNDA:13,_RNCNvMNtNtCsf2i7I5CTk8o_5govee7backend5cloudNtB4_12CloudBackend12send_control0B8_
FNDA:160,_RNCNvMNtNtCsf2i7I5CTk8o_5govee7backend5cloudNtB4_12CloudBackend14check_response0B8_
FNDA:46,_RNCNvMNtNtCsf2i7I5CTk8o_5govee7backend5cloudNtB4_12CloudBackend15list_devices_v20B8_
FNDA:0,_RNCNvMNtNtCsf2i7I5CTk8o_5govee7backend5cloudNtB4_12CloudBackend16get_capabilities0B8_
FNDA:0,_RNCNvMNtNtCsf2i7I5CTk8o_5govee7backend5cloudNtB4_12CloudBackend17with_new_api_base0B8_
FNDA:3,_RNCNvMNtNtCsf2i7I5CTk8o_5govee7backend5cloudNtB4_12CloudBackend21list_diy_scenes_cloud0B8_
FNDA:0,_RNCNvMNtNtCsf2i7I5CTk8o_5govee7backend5cloudNtB4_12CloudBackend3new0B8_
FNDA:0,_RNCNvMNtNtCsf2i7I5CTk8o_5govee7backend5cloudNtB4_12CloudBackend3news0_0B8_
FNDA:0,_RNCNvMNtNtCsf2i7I5CTk8o_5govee7backend5cloudNtB4_12CloudBackend3news1_0B8_
FNDA:15,_RNCNvMNtNtCsf2i7I5CTk8o_5govee7backend5cloudNtB4_12CloudBackend3news_0B8_
FNDA:0,_RNCNvMNtNtCsf2i7I5CTk8o_5govee7backend5cloudNtB4_12CloudBackend9get_model0B8_
FNDA:6,_RNCNvMNtNtCsf2i7I5CTk8o_5govee7backend5cloudNtB4_12CloudBackend9get_models_0B8_
FNDA:5,_RNCNvMs_NtNtCsf2i7I5CTk8o_5govee7backend5cloudNtB6_12CloudBackend12v1_get_state0Ba_
FNDA:0,_RNCNvNtNtCsf2i7I5CTk8o_5govee7backend5cloud11is_loopback0B7_
FNDA:0,_RNCNvNtNtCsf2i7I5CTk8o_5govee7backend5cloud11is_loopbacks_0B7_
FNDA:0,_RNCNvNtNtCsf2i7I5CTk8o_5govee7backend5cloud12build_client0B7_
FNDA:2,_RNCNvNtNtCsf2i7I5CTk8o_5govee7backend5cloud16parse_work_modes0B7_
FNDA:10,_RNCNvNtNtCsf2i7I5CTk8o_5govee7backend5cloud17parse_retry_after0B7_
FNDA:10,_RNCNvNtNtCsf2i7I5CTk8o_5govee7backend5cloud17parse_retry_afters_0B7_
FNDA:3,_RNCNvNtNtCsf2i7I5CTk8o_5govee7backend5cloud27build_state_from_properties0B7_
FNDA:3,_RNCNvNtNtCsf2i7I5CTk8o_5govee7backend5cloud27build_state_from_propertiess0_0B7_
FNDA:3,_RNCNvNtNtCsf2i7I5CTk8o_5govee7backend5cloud27build_state_from_propertiess1_0B7_
FNDA:3,_RNCNvNtNtCsf2i7I5CTk8o_5govee7backend5cloud27build_state_from_propertiess2_0B7_
FNDA:3,_RNCNvNtNtCsf2i7I5CTk8o_5govee7backend5cloud27build_state_from_propertiess3_0B7_
FNDA:3,_RNCNvNtNtCsf2i7I5CTk8o_5govee7backend5cloud27build_state_from_propertiess4_0B7_
FNDA:2,_RNCNvNtNtCsf2i7I5CTk8o_5govee7backend5cloud27build_state_from_propertiess5_0B7_
FNDA:3,_RNCNvNtNtCsf2i7I5CTk8o_5govee7backend5cloud27build_state_from_propertiess_0B7_
FNDA:0,_RNCNvXs1_NtNtCsf2i7I5CTk8o_5govee7backend5cloudNtB7_12CloudBackendNtNtCs85QQFkKrybG_4core3fmt5Debug3fmt0Bb_
FNDA:0,_RNCNvXs1_NtNtCsf2i7I5CTk8o_5govee7backend5cloudNtB7_12CloudBackendNtNtCs85QQFkKrybG_4core3fmt5Debug3fmts_0Bb_
FNDA:21,_RNvMNtNtCsf2i7I5CTk8o_5govee7backend5cloudNtB2_12CloudBackend10control_v2
FNDA:12,_RNvMNtNtCsf2i7I5CTk8o_5govee7backend5cloudNtB2_12CloudBackend11retry_delay
FNDA:7,_RNvMNtNtCsf2i7I5CTk8o_5govee7backend5cloudNtB2_12CloudBackend12get_state_v2
FNDA:13,_RNvMNtNtCsf2i7I5CTk8o_5govee7backend5cloudNtB2_12CloudBackend12send_control
FNDA:160,_RNvMNtNtCsf2i7I5CTk8o_5govee7backend5cloudNtB2_12CloudBackend14check_response
FNDA:46,_RNvMNtNtCsf2i7I5CTk8o_5govee7backend5cloudNtB2_12CloudBackend15list_devices_v2
FNDA:10,_RNvMNtNtCsf2i7I5CTk8o_5govee7backend5cloudNtB2_12CloudBackend16get_capabilities
FNDA:64,_RNvMNtNtCsf2i7I5CTk8o_5govee7backend5cloudNtB2_12CloudBackend17with_new_api_base
FNDA:6,_RNvMNtNtCsf2i7I5CTk8o_5govee7backend5cloudNtB2_12CloudBackend20map_new_api_code_err
FNDA:3,_RNvMNtNtCsf2i7I5CTk8o_5govee7backend5cloudNtB2_12CloudBackend21list_diy_scenes_cloud
FNDA:64,_RNvMNtNtCsf2i7I5CTk8o_5govee7backend5cloudNtB2_12CloudBackend3new
FNDA:50,_RNvMNtNtCsf2i7I5CTk8o_5govee7backend5cloudNtB2_12CloudBackend9get_model
FNDA:68,_RNvMs0_NtNtCsf2i7I5CTk8o_5govee7backend5cloudNtB5_8V1Device11into_domain
FNDA:5,_RNvMs_NtNtCsf2i7I5CTk8o_5govee7backend5cloudNtB4_12CloudBackend12v1_get_state
FNDA:64,_RNvNtNtCsf2i7I5CTk8o_5govee7backend5cloud10user_agent
FNDA:113,_RNvNtNtCsf2i7I5CTk8o_5govee7backend5cloud11is_loopback
FNDA:64,_RNvNtNtCsf2i7I5CTk8o_5govee7backend5cloud12build_client
FNDA:1,_RNvNtNtCsf2i7I5CTk8o_5govee7backend5cloud16parse_work_modes
FNDA:12,_RNvNtNtCsf2i7I5CTk8o_5govee7backend5cloud17parse_retry_after
FNDA:3,_RNvNtNtCsf2i7I5CTk8o_5govee7backend5cloud27build_state_from_properties
FNDA:0,_RNvXs1_NtNtCsf2i7I5CTk8o_5govee7backend5cloudNtB5_12CloudBackendNtNtCs85QQFkKrybG_4core3fmt5Debug3fmt
FNDA:0,_RNvXs2_NtNtCsf2i7I5CTk8o_5govee7backend5cloudNtB5_12CloudBackendNtB7_12GoveeBackend12backend_type
FNDA:1,_RNvNtNtNtCseqgZqxOBWDO_5govee7backend5cloud5testss_19rejects_invalid_url
FNDA:1,_RNvNtNtNtCseqgZqxOBWDO_5govee7backend5cloud5testss_20allows_http_loopback
FNDA:1,_RNvNtNtNtCseqgZqxOBWDO_5govee7backend5cloud5testss_21debug_redacts_api_key
FNDA:1,_RNvNtNtNtCseqgZqxOBWDO_5govee7backend5cloud5testss_21v1_device_into_domain
FNDA:1,_RNvNtNtNtCseqgZqxOBWDO_5govee7backend5cloud5testss_22accepts_https_base_url
FNDA:1,_RNvNtNtNtCseqgZqxOBWDO_5govee7backend5cloud5testss_24user_agent_crlf_rejected
FNDA:1,_RNvNtNtNtCseqgZqxOBWDO_5govee7backend5cloud5testss_25allows_http_ipv6_loopback
FNDA:1,_RNvNtNtNtCseqgZqxOBWDO_5govee7backend5cloud5testss_25default_base_url_is_https
FNDA:1,_RNvNtNtNtCseqgZqxOBWDO_5govee7backend5cloud5testss_25rejects_http_non_loopback
FNDA:1,_RNvNtNtNtCseqgZqxOBWDO_5govee7backend5cloud5testss_25trailing_slash_normalized
FNDA:1,_RNvNtNtNtCseqgZqxOBWDO_5govee7backend5cloud5testss_26build_state_all_properties
FNDA:1,_RNvNtNtNtCseqgZqxOBWDO_5govee7backend5cloud5testss_26custom_user_agent_accepted
FNDA:1,_RNvNtNtNtCseqgZqxOBWDO_5govee7backend5cloud5testss_27user_agent_contains_version
FNDA:1,_RNvNtNtNtCseqgZqxOBWDO_5govee7backend5cloud5testss_28build_state_offline_is_stale
FNDA:1,_RNvNtNtNtCseqgZqxOBWDO_5govee7backend5cloud5testss_29build_state_clamps_brightness
FNDA:1,_RNvNtNtNtCseqgZqxOBWDO_5govee7backend5cloud5testss_29user_agent_null_byte_rejected
FNDA:1,_RNvNtNtNtCseqgZqxOBWDO_5govee7backend5cloud5testss_34build_state_clamps_color_above_255
FNDA:1,_RNvNtNtNtCseqgZqxOBWDO_5govee7backend5cloud5testss_34map_new_api_code_err_overflows_u16
FNDA:1,_RNvNtNtNtCseqgZqxOBWDO_5govee7backend5cloud5testss_35set_color_temp_kelvin_zero_rejected
FNDA:1,_RNvNtNtNtCseqgZqxOBWDO_5govee7backend5cloud5testss_35v1_device_invalid_mac_returns_error
FNDA:1,_RNvNtNtNtCseqgZqxOBWDO_5govee7backend5cloud5testss_37with_new_api_base_rejects_invalid_url
FNDA:1,_RNvNtNtNtCseqgZqxOBWDO_5govee7backend5cloud5testss_38build_state_unknown_properties_ignored
FNDA:1,_RNvNtNtNtCseqgZqxOBWDO_5govee7backend5cloud5testss_39build_state_clamps_brightness_above_255
FNDA:1,_RNvNtNtNtCseqgZqxOBWDO_5govee7backend5cloud5testss_40get_capabilities_returns_none_when_empty
FNDA:1,_RNvNtNtNtCseqgZqxOBWDO_5govee7backend5cloud5testss_42control_v2_not_implemented_for_raw_variant
FNDA:1,_RNvNtNtNtCseqgZqxOBWDO_5govee7backend5cloud5testss_42set_color_temp_kelvin_above_10000_rejected
FNDA:0,_RINvMNtNtCseqgZqxOBWDO_5govee7backend5cloudNtB3_12CloudBackend11new_api_getINtNtCsdFlNUEO95cG_5alloc3vec3VecNtB3_8V2DeviceEuEB7_
FNDA:0,_RINvMNtNtCseqgZqxOBWDO_5govee7backend5cloudNtB3_12CloudBackend12new_api_postNtB3_14ControlPayloadNtNtCs2gIcK9cuZ92_10serde_json5value5ValueEB7_
FNDA:0,_RINvMNtNtCseqgZqxOBWDO_5govee7backend5cloudNtB3_12CloudBackend12new_api_postNtNtCs2gIcK9cuZ92_10serde_json5value5ValueNtB3_17SceneListResponseEB7_
FNDA:0,_RINvMNtNtCseqgZqxOBWDO_5govee7backend5cloudNtB3_12CloudBackend12new_api_postNtNtCs2gIcK9cuZ92_10serde_json5value5ValueNtB3_20DiySceneListResponseEB7_
FNDA:0,_RINvMNtNtCseqgZqxOBWDO_5govee7backend5cloudNtB3_12CloudBackend12new_api_postNtNtCs2gIcK9cuZ92_10serde_json5value5ValueNtNCNvB2_12get_state_v2015V2StateResponseEB7_
FNDA:0,_RNCINvMNtNtCseqgZqxOBWDO_5govee7backend5cloudNtB5_12CloudBackend11new_api_getINtNtCsdFlNUEO95cG_5alloc3vec3VecNtB5_8V2DeviceEuE0B9_
FNDA:0,_RNCINvMNtNtCseqgZqxOBWDO_5govee7backend5cloudNtB5_12CloudBackend12new_api_postNtB5_14ControlPayloadNtNtCs2gIcK9cuZ92_10serde_json5value5ValueE0B9_
FNDA:0,_RNCINvMNtNtCseqgZqxOBWDO_5govee7backend5cloudNtB5_12CloudBackend12new_api_postNtNtCs2gIcK9cuZ92_10serde_json5value5ValueNtB5_17SceneListResponseE0B9_
FNDA:0,_RNCINvMNtNtCseqgZqxOBWDO_5govee7backend5cloudNtB5_12CloudBackend12new_api_postNtNtCs2gIcK9cuZ92_10serde_json5value5ValueNtB5_20DiySceneListResponseE0B9_
FNDA:0,_RNCINvMNtNtCseqgZqxOBWDO_5govee7backend5cloudNtB5_12CloudBackend12new_api_postNtNtCs2gIcK9cuZ92_10serde_json5value5ValueNtNCNvB4_12get_state_v2015V2StateResponseE0B9_
FNDA:0,_RNCNCINvMNtNtCseqgZqxOBWDO_5govee7backend5cloudNtB7_12CloudBackend11new_api_getINtNtCsdFlNUEO95cG_5alloc3vec3VecNtB7_8V2DeviceEuE00Bb_
FNDA:0,_RNCNCINvMNtNtCseqgZqxOBWDO_5govee7backend5cloudNtB7_12CloudBackend12new_api_postNtB7_14ControlPayloadNtNtCs2gIcK9cuZ92_10serde_json5value5ValueE00Bb_
FNDA:0,_RNCNCINvMNtNtCseqgZqxOBWDO_5govee7backend5cloudNtB7_12CloudBackend12new_api_postNtNtCs2gIcK9cuZ92_10serde_json5value5ValueNtB7_17SceneListResponseE00Bb_
FNDA:0,_RNCNCINvMNtNtCseqgZqxOBWDO_5govee7backend5cloudNtB7_12CloudBackend12new_api_postNtNtCs2gIcK9cuZ92_10serde_json5value5ValueNtB7_20DiySceneListResponseE00Bb_
FNDA:0,_RNCNCINvMNtNtCseqgZqxOBWDO_5govee7backend5cloudNtB7_12CloudBackend12new_api_postNtNtCs2gIcK9cuZ92_10serde_json5value5ValueNtNCNvB6_12get_state_v2015V2StateResponseE00Bb_
FNDA:0,_RNCNCNCNCNvXs2_NtNtCseqgZqxOBWDO_5govee7backend5cloudNtBd_12CloudBackendNtBf_12GoveeBackend12list_devices0000Bh_
FNDA:0,_RNCNCNCNCNvXs2_NtNtCseqgZqxOBWDO_5govee7backend5cloudNtBd_12CloudBackendNtBf_12GoveeBackend12list_devices00s0_00Bh_
FNDA:0,_RNCNCNCNvMNtNtCseqgZqxOBWDO_5govee7backend5cloudNtB8_12CloudBackend21list_diy_scenes_cloud000Bc_
FNDA:0,_RNCNCNCNvXs2_NtNtCseqgZqxOBWDO_5govee7backend5cloudNtBb_12CloudBackendNtBd_12GoveeBackend11list_scenes000Bf_
FNDA:0,_RNCNCNCNvXs2_NtNtCseqgZqxOBWDO_5govee7backend5cloudNtBb_12CloudBackendNtBd_12GoveeBackend11list_scenes00s_0Bf_
FNDA:0,_RNCNCNCNvXs2_NtNtCseqgZqxOBWDO_5govee7backend5cloudNtBb_12CloudBackendNtBd_12GoveeBackend12list_devices000Bf_
FNDA:0,_RNCNCNCNvXs2_NtNtCseqgZqxOBWDO_5govee7backend5cloudNtBb_12CloudBackendNtBd_12GoveeBackend12list_devices00s0_0Bf_
FNDA:0,_RNCNCNCNvXs2_NtNtCseqgZqxOBWDO_5govee7backend5cloudNtBb_12CloudBackendNtBd_12GoveeBackend12list_devices00s1_0Bf_
FNDA:0,_RNCNCNCNvXs2_NtNtCseqgZqxOBWDO_5govee7backend5cloudNtBb_12CloudBackendNtBd_12GoveeBackend12list_devices00s2_0Bf_
FNDA:0,_RNCNCNCNvXs2_NtNtCseqgZqxOBWDO_5govee7backend5cloudNtBb_12CloudBackendNtBd_12GoveeBackend12list_devices00s3_0Bf_
FNDA:0,_RNCNCNCNvXs2_NtNtCseqgZqxOBWDO_5govee7backend5cloudNtBb_12CloudBackendNtBd_12GoveeBackend12list_devices00s4_0Bf_
FNDA:0,_RNCNCNCNvXs2_NtNtCseqgZqxOBWDO_5govee7backend5cloudNtBb_12CloudBackendNtBd_12GoveeBackend12list_devices00s5_0Bf_
FNDA:0,_RNCNCNCNvXs2_NtNtCseqgZqxOBWDO_5govee7backend5cloudNtBb_12CloudBackendNtBd_12GoveeBackend12list_devices00s6_0Bf_
FNDA:0,_RNCNCNCNvXs2_NtNtCseqgZqxOBWDO_5govee7backend5cloudNtBb_12CloudBackendNtBd_12GoveeBackend12list_devices00s_0Bf_
FNDA:0,_RNCNCNCNvXs2_NtNtCseqgZqxOBWDO_5govee7backend5cloudNtBb_12CloudBackendNtBd_12GoveeBackend15list_work_modes000Bf_
FNDA:0,_RNCNCNvMNtNtCseqgZqxOBWDO_5govee7backend5cloudNtB6_12CloudBackend12send_control00Ba_
FNDA:0,_RNCNCNvMNtNtCseqgZqxOBWDO_5govee7backend5cloudNtB6_12CloudBackend14check_response00Ba_
FNDA:0,_RNCNCNvMNtNtCseqgZqxOBWDO_5govee7backend5cloudNtB6_12CloudBackend21list_diy_scenes_cloud00Ba_
FNDA:0,_RNCNCNvMNtNtCseqgZqxOBWDO_5govee7backend5cloudNtB6_12CloudBackend21list_diy_scenes_cloud0s_0Ba_
FNDA:0,_RNCNCNvMs_NtNtCseqgZqxOBWDO_5govee7backend5cloudNtB8_12CloudBackend12v1_get_state00Bc_
FNDA:0,_RNCNCNvNtNtCseqgZqxOBWDO_5govee7backend5cloud16parse_work_modes00B9_
FNDA:1,_RNCNvMNtNtCseqgZqxOBWDO_5govee7backend5cloudNtB4_12CloudBackend10control_v20B8_
FNDA:0,_RNCNvMNtNtCseqgZqxOBWDO_5govee7backend5cloudNtB4_12CloudBackend12get_state_v20B8_
FNDA:0,_RNCNvMNtNtCseqgZqxOBWDO_5govee7backend5cloudNtB4_12CloudBackend12send_control0B8_
FNDA:0,_RNCNvMNtNtCseqgZqxOBWDO_5govee7backend5cloudNtB4_12CloudBackend14check_response0B8_
FNDA:0,_RNCNvMNtNtCseqgZqxOBWDO_5govee7backend5cloudNtB4_12CloudBackend15list_devices_v20B8_
FNDA:0,_RNCNvMNtNtCseqgZqxOBWDO_5govee7backend5cloudNtB4_12CloudBackend16get_capabilities0B8_
FNDA:1,_RNCNvMNtNtCseqgZqxOBWDO_5govee7backend5cloudNtB4_12CloudBackend17with_new_api_base0B8_
FNDA:0,_RNCNvMNtNtCseqgZqxOBWDO_5govee7backend5cloudNtB4_12CloudBackend21list_diy_scenes_cloud0B8_
FNDA:18,_RNCNvMNtNtCseqgZqxOBWDO_5govee7backend5cloudNtB4_12CloudBackend3new0B8_
FNDA:1,_RNCNvMNtNtCseqgZqxOBWDO_5govee7backend5cloudNtB4_12CloudBackend3news0_0B8_
FNDA:0,_RNCNvMNtNtCseqgZqxOBWDO_5govee7backend5cloudNtB4_12CloudBackend3news1_0B8_
FNDA:8,_RNCNvMNtNtCseqgZqxOBWDO_5govee7backend5cloudNtB4_12CloudBackend3news_0B8_
FNDA:0,_RNCNvMNtNtCseqgZqxOBWDO_5govee7backend5cloudNtB4_12CloudBackend9get_model0B8_
FNDA:0,_RNCNvMNtNtCseqgZqxOBWDO_5govee7backend5cloudNtB4_12CloudBackend9get_models_0B8_
FNDA:0,_RNCNvMs_NtNtCseqgZqxOBWDO_5govee7backend5cloudNtB6_12CloudBackend12v1_get_state0Ba_
FNDA:0,_RNCNvNtNtCseqgZqxOBWDO_5govee7backend5cloud11is_loopback0B7_
FNDA:0,_RNCNvNtNtCseqgZqxOBWDO_5govee7backend5cloud11is_loopbacks_0B7_
FNDA:1,_RNCNvNtNtCseqgZqxOBWDO_5govee7backend5cloud12build_client0B7_
FNDA:0,_RNCNvNtNtCseqgZqxOBWDO_5govee7backend5cloud16parse_work_modes0B7_
FNDA:0,_RNCNvNtNtCseqgZqxOBWDO_5govee7backend5cloud17parse_retry_after0B7_
FNDA:0,_RNCNvNtNtCseqgZqxOBWDO_5govee7backend5cloud17parse_retry_afters_0B7_
FNDA:2,_RNCNvNtNtCseqgZqxOBWDO_5govee7backend5cloud27build_state_from_properties0B7_
FNDA:4,_RNCNvNtNtCseqgZqxOBWDO_5govee7backend5cloud27build_state_from_propertiess0_0B7_
FNDA:2,_RNCNvNtNtCseqgZqxOBWDO_5govee7backend5cloud27build_state_from_propertiess1_0B7_
FNDA:2,_RNCNvNtNtCseqgZqxOBWDO_5govee7backend5cloud27build_state_from_propertiess2_0B7_
FNDA:2,_RNCNvNtNtCseqgZqxOBWDO_5govee7backend5cloud27build_state_from_propertiess3_0B7_
FNDA:2,_RNCNvNtNtCseqgZqxOBWDO_5govee7backend5cloud27build_state_from_propertiess4_0B7_
FNDA:1,_RNCNvNtNtCseqgZqxOBWDO_5govee7backend5cloud27build_state_from_propertiess5_0B7_
FNDA:2,_RNCNvNtNtCseqgZqxOBWDO_5govee7backend5cloud27build_state_from_propertiess_0B7_
FNDA:1,_RNCNvXs1_NtNtCseqgZqxOBWDO_5govee7backend5cloudNtB7_12CloudBackendNtNtCs85QQFkKrybG_4core3fmt5Debug3fmt0Bb_
FNDA:1,_RNCNvXs1_NtNtCseqgZqxOBWDO_5govee7backend5cloudNtB7_12CloudBackendNtNtCs85QQFkKrybG_4core3fmt5Debug3fmts_0Bb_
FNDA:1,_RNvMNtNtCseqgZqxOBWDO_5govee7backend5cloudNtB2_12CloudBackend10control_v2
FNDA:0,_RNvMNtNtCseqgZqxOBWDO_5govee7backend5cloudNtB2_12CloudBackend11retry_delay
FNDA:0,_RNvMNtNtCseqgZqxOBWDO_5govee7backend5cloudNtB2_12CloudBackend12get_state_v2
FNDA:0,_RNvMNtNtCseqgZqxOBWDO_5govee7backend5cloudNtB2_12CloudBackend12send_control
FNDA:0,_RNvMNtNtCseqgZqxOBWDO_5govee7backend5cloudNtB2_12CloudBackend14check_response
FNDA:0,_RNvMNtNtCseqgZqxOBWDO_5govee7backend5cloudNtB2_12CloudBackend15list_devices_v2
FNDA:1,_RNvMNtNtCseqgZqxOBWDO_5govee7backend5cloudNtB2_12CloudBackend16get_capabilities
FNDA:1,_RNvMNtNtCseqgZqxOBWDO_5govee7backend5cloudNtB2_12CloudBackend17with_new_api_base
FNDA:1,_RNvMNtNtCseqgZqxOBWDO_5govee7backend5cloudNtB2_12CloudBackend20map_new_api_code_err
FNDA:0,_RNvMNtNtCseqgZqxOBWDO_5govee7backend5cloudNtB2_12CloudBackend21list_diy_scenes_cloud
FNDA:18,_RNvMNtNtCseqgZqxOBWDO_5govee7backend5cloudNtB2_12CloudBackend3new
FNDA:1,_RNvMNtNtCseqgZqxOBWDO_5govee7backend5cloudNtB2_12CloudBackend9get_model
FNDA:2,_RNvMs0_NtNtCseqgZqxOBWDO_5govee7backend5cloudNtB5_8V1Device11into_domain
FNDA:0,_RNvMs_NtNtCseqgZqxOBWDO_5govee7backend5cloudNtB4_12CloudBackend12v1_get_state
FNDA:14,_RNvNtNtCseqgZqxOBWDO_5govee7backend5cloud10user_agent
FNDA:5,_RNvNtNtCseqgZqxOBWDO_5govee7backend5cloud11is_loopback
FNDA:14,_RNvNtNtCseqgZqxOBWDO_5govee7backend5cloud12build_client
FNDA:0,_RNvNtNtCseqgZqxOBWDO_5govee7backend5cloud16parse_work_modes
FNDA:0,_RNvNtNtCseqgZqxOBWDO_5govee7backend5cloud17parse_retry_after
FNDA:6,_RNvNtNtCseqgZqxOBWDO_5govee7backend5cloud27build_state_from_properties
FNDA:1,_RNvXs1_NtNtCseqgZqxOBWDO_5govee7backend5cloudNtB5_12CloudBackendNtNtCs85QQFkKrybG_4core3fmt5Debug3fmt
FNDA:0,_RNvXs2_NtNtCseqgZqxOBWDO_5govee7backend5cloudNtB5_12CloudBackendNtB7_12GoveeBackend12backend_type
FNDA:1,_RNCNvNtNtNtCseqgZqxOBWDO_5govee7backend5cloud5testss_35set_color_temp_kelvin_zero_rejected0B9_
FNDA:1,_RNCNvNtNtNtCseqgZqxOBWDO_5govee7backend5cloud5testss_42control_v2_not_implemented_for_raw_variant0B9_
FNDA:1,_RNCNvNtNtNtCseqgZqxOBWDO_5govee7backend5cloud5testss_42set_color_temp_kelvin_above_10000_rejected0B9_
FNF:109
FNH:94
DA:36,78
DA:37,78
DA:38,78
DA:46,118
DA:47,118
DA:48,118
DA:51,1
DA:52,1
DA:53,1
DA:54,1
DA:55,1
DA:56,1
DA:57,0
DA:59,118
DA:62,78
DA:63,78
DA:64,78
DA:65,78
DA:66,78
DA:67,78
DA:68,78
DA:69,78
DA:119,82
DA:120,82
DA:121,82
DA:122,82
DA:123,82
DA:125,82
DA:126,18
DA:128,2
DA:129,2
DA:130,2
DA:131,80
DA:133,80
DA:134,80
DA:135,80
DA:136,79
DA:137,1
DA:138,1
DA:139,1
DA:140,78
DA:141,78
DA:142,78
DA:143,78
DA:144,78
DA:145,78
DA:146,78
DA:147,78
DA:148,78
DA:149,78
DA:150,78
DA:151,78
DA:152,78
DA:153,78
DA:154,82
DA:160,51
DA:161,51
DA:162,51
DA:163,51
DA:164,51
DA:165,51
DA:166,6
DA:167,6
DA:168,6
DA:169,6
DA:170,6
DA:171,51
DA:177,13
DA:178,13
DA:179,13
DA:180,13
DA:181,13
DA:182,13
DA:183,13
DA:184,12
DA:185,12
DA:186,12
DA:187,12
DA:189,12
DA:190,12
DA:191,12
DA:192,12
DA:193,12
DA:194,12
DA:198,21
DA:199,21
DA:200,21
DA:201,21
DA:202,21
DA:203,21
DA:204,21
DA:205,21
DA:207,21
DA:208,21
DA:209,0
DA:210,0
DA:211,0
DA:212,0
DA:214,0
DA:215,0
DA:216,0
DA:217,0
DA:218,0
DA:222,21
DA:223,9
DA:224,9
DA:225,9
DA:226,1
DA:227,1
DA:228,1
DA:229,1
DA:230,8
DA:231,8
DA:232,8
DA:234,12
DA:235,12
DA:236,12
DA:238,9
DA:239,9
DA:240,9
DA:241,3
DA:242,3
DA:247,0
DA:248,13
DA:254,160
DA:255,160
DA:256,160
DA:257,12
DA:258,12
DA:259,12
DA:260,148
DA:261,148
DA:262,67
DA:263,67
DA:264,67
DA:265,67
DA:266,67
DA:267,67
DA:268,67
DA:269,67
DA:270,81
DA:271,81
DA:272,160
DA:277,12
DA:278,12
DA:279,8
DA:280,8
DA:281,8
DA:283,4
DA:285,4
DA:286,4
DA:288,0
DA:290,12
DA:293,7
DA:294,7
DA:295,2
DA:296,2
DA:297,2
DA:298,2
DA:299,1
DA:300,1
DA:301,1
DA:302,1
DA:303,1
DA:304,1
DA:305,1
DA:306,1
DA:307,1
DA:308,1
DA:309,1
DA:310,2
DA:311,1
DA:312,1
DA:313,1
DA:314,1
DA:315,1
DA:316,1
DA:317,1
DA:318,1
DA:321,7
DA:328,41
DA:329,41
DA:330,41
DA:331,41
DA:332,41
DA:333,41
DA:334,0
DA:335,0
DA:336,41
DA:337,41
DA:338,41
DA:339,41
DA:340,41
DA:341,41
DA:342,41
DA:343,41
DA:344,41
DA:345,41
DA:346,41
DA:348,41
DA:349,19
DA:350,19
DA:352,13
DA:353,13
DA:354,13
DA:356,6
DA:358,41
DA:364,48
DA:365,48
DA:366,48
DA:367,48
DA:368,48
DA:369,48
DA:370,0
DA:371,0
DA:372,48
DA:373,48
DA:374,0
DA:375,48
DA:376,48
DA:378,48
DA:379,11
DA:380,11
DA:382,11
DA:383,11
DA:384,11
DA:386,0
DA:388,48
DA:395,7
DA:396,7
DA:407,6
DA:408,6
DA:409,6
DA:412,6
DA:413,6
DA:414,6
DA:416,2
DA:417,2
DA:418,2
DA:419,2
DA:420,2
DA:422,11
DA:423,9
DA:424,9
DA:425,2
DA:426,2
DA:427,2
DA:429,7
DA:430,2
DA:431,2
DA:432,2
DA:434,5
DA:435,2
DA:436,2
DA:437,2
DA:438,2
DA:439,2
DA:440,2
DA:441,2
DA:443,2
DA:444,2
DA:445,2
DA:446,2
DA:448,1
DA:449,1
DA:450,1
DA:451,1
DA:455,2
DA:456,7
DA:463,3
DA:465,3
DA:466,3
DA:467,3
DA:468,3
DA:470,3
DA:471,2
DA:472,1
DA:474,1
DA:475,1
DA:476,1
DA:477,1
DA:480,1
DA:481,1
DA:482,1
DA:484,1
DA:485,1
DA:486,1
DA:487,1
DA:488,2
DA:489,2
DA:490,2
DA:491,1
DA:492,3
DA:503,65
DA:504,65
DA:505,1
DA:506,1
DA:507,64
DA:508,0
DA:509,0
DA:510,0
DA:511,64
DA:512,64
DA:513,64
DA:514,65
DA:520,46
DA:521,46
DA:522,46
DA:523,46
DA:530,11
DA:531,11
DA:532,11
DA:533,11
DA:534,11
DA:535,11
DA:536,11
DA:543,22
DA:544,22
DA:546,21
DA:547,7
DA:548,7
DA:549,7
DA:550,7
DA:551,7
DA:552,5
DA:553,5
DA:554,5
DA:555,5
DA:556,5
DA:557,2
DA:558,2
DA:559,2
DA:560,2
DA:561,2
DA:562,1
DA:563,1
DA:564,1
DA:565,1
DA:566,1
DA:567,1
DA:570,1
DA:572,1
DA:573,1
DA:574,1
DA:575,1
DA:576,1
DA:577,1
DA:578,1
DA:579,1
DA:580,1
DA:581,1
DA:583,1
DA:584,1
DA:585,1
DA:586,1
DA:587,1
DA:588,1
DA:589,1
DA:591,1
DA:592,1
DA:593,1
DA:594,1
DA:595,1
DA:596,1
DA:597,1
DA:598,1
DA:599,1
DA:600,1
DA:601,1
DA:605,20
DA:606,20
DA:607,20
DA:608,20
DA:609,20
DA:610,20
DA:611,20
DA:612,20
DA:613,20
DA:615,20
DA:616,20
DA:617,20
DA:618,22
DA:627,5
DA:629,5
DA:630,4
DA:632,1
DA:634,1
DA:635,0
DA:637,1
DA:638,1
DA:639,1
DA:644,4
DA:645,4
DA:646,4
DA:647,4
DA:648,4
DA:649,4
DA:650,4
DA:652,4
DA:653,4
DA:654,4
DA:655,4
DA:656,4
DA:657,4
DA:659,4
DA:661,3
DA:662,3
DA:663,0
DA:664,0
DA:665,0
DA:666,0
DA:667,3
DA:669,3
DA:670,3
DA:671,3
DA:672,5
DA:777,70
DA:778,70
DA:779,69
DA:780,69
DA:781,69
DA:782,69
DA:783,69
DA:784,69
DA:785,69
DA:786,70
DA:816,9
DA:817,9
DA:818,9
DA:819,9
DA:820,9
DA:821,9
DA:823,35
DA:824,26
DA:825,5
DA:826,21
DA:827,26
DA:828,5
DA:829,21
DA:830,26
DA:831,7
DA:832,19
DA:833,26
DA:834,5
DA:835,5
DA:836,5
DA:837,5
DA:838,21
DA:839,26
DA:840,3
DA:841,23
DA:844,9
DA:845,9
DA:876,1
DA:878,1
DA:879,1
DA:880,0
DA:882,1
DA:883,1
DA:884,2
DA:885,2
DA:886,2
DA:887,2
DA:888,2
DA:889,2
DA:890,2
DA:891,2
DA:892,1
DA:893,1
DA:894,1
DA:897,12
DA:898,12
DA:899,12
DA:900,12
DA:901,12
DA:902,12
DA:903,12
DA:904,12
DA:917,10
DA:918,10
DA:919,10
DA:920,10
DA:921,10
DA:926,0
DA:932,46
DA:933,46
DA:934,46
DA:935,46
DA:936,46
DA:937,46
DA:938,46
DA:939,46
DA:940,46
DA:941,46
DA:942,46
DA:943,46
DA:944,39
DA:945,38
DA:946,1
DA:947,1
DA:948,1
DA:949,1
DA:950,37
DA:951,37
DA:952,37
DA:953,37
DA:954,37
DA:955,37
DA:956,46
DA:964,58
DA:969,0
DA:984,10
DA:987,10
DA:988,10
DA:989,10
DA:990,10
DA:991,10
DA:992,10
DA:993,10
DA:994,10
DA:995,10
DA:996,10
DA:1011,15
DA:1016,0
DA:1117,2
DA:1139,2
DA:1140,2
DA:1141,2
DA:1142,2
DA:1208,2
DA:1233,0
DA:1234,0
DA:1235,0
DA:1239,1
DA:1240,1
DA:1241,1
DA:1242,1
DA:1243,1
DA:1244,1
DA:1245,1
DA:1246,1
DA:1247,1
DA:1248,1
DA:1249,1
DA:1250,1
DA:1251,1
DA:1252,1
DA:1260,1
DA:1261,1
DA:1262,1
DA:1263,1
DA:1264,1
DA:1265,1
DA:1266,1
DA:1269,1
DA:1270,1
DA:1271,1
DA:1273,1
DA:1274,1
DA:1276,1
DA:1277,1
DA:1280,1
DA:1281,1
DA:1282,1
DA:1283,1
DA:1284,1
DA:1287,1
DA:1288,1
DA:1289,1
DA:1290,1
DA:1293,1
DA:1294,1
DA:1295,1
DA:1296,1
DA:1299,1
DA:1300,1
DA:1301,1
DA:1302,1
DA:1303,1
DA:1304,1
DA:1307,1
DA:1308,1
DA:1309,1
DA:1310,1
DA:1311,1
DA:1312,1
DA:1315,1
DA:1316,1
DA:1317,1
DA:1318,1
DA:1319,1
DA:1320,1
DA:1321,1
DA:1322,1
DA:1323,1
DA:1324,1
DA:1325,1
DA:1326,1
DA:1327,1
DA:1330,1
DA:1331,1
DA:1332,1
DA:1333,1
DA:1334,1
DA:1335,1
DA:1336,1
DA:1337,1
DA:1340,1
DA:1341,1
DA:1342,1
DA:1343,1
DA:1344,1
DA:1345,1
DA:1346,1
DA:1347,1
DA:1348,1
DA:1350,1
DA:1351,1
DA:1352,1
DA:1353,1
DA:1354,1
DA:1355,1
DA:1356,1
DA:1357,1
DA:1360,1
DA:1361,1
DA:1362,1
DA:1364,1
DA:1365,1
DA:1366,1
DA:1367,1
DA:1368,1
DA:1371,1
DA:1372,1
DA:1373,1
DA:1374,1
DA:1375,1
DA:1376,1
DA:1379,1
DA:1380,1
DA:1381,1
DA:1382,1
DA:1383,1
DA:1384,1
DA:1387,1
DA:1388,1
DA:1389,1
DA:1390,1
DA:1391,1
DA:1392,1
DA:1395,1
DA:1396,1
DA:1397,1
DA:1398,1
DA:1399,1
DA:1400,1
DA:1401,1
DA:1404,1
DA:1405,1
DA:1406,1
DA:1407,1
DA:1408,1
DA:1411,1
DA:1412,1
DA:1413,1
DA:1414,1
DA:1417,1
DA:1418,1
DA:1419,1
DA:1420,1
DA:1421,1
DA:1422,1
DA:1423,1
DA:1424,1
DA:1426,1
DA:1429,1
DA:1430,1
DA:1431,1
DA:1432,1
DA:1433,1
DA:1436,1
DA:1437,1
DA:1438,1
DA:1440,1
DA:1441,1
DA:1442,1
DA:1443,1
DA:1446,1
DA:1447,1
DA:1448,1
DA:1449,1
DA:1450,1
DA:1451,1
DA:1452,1
DA:1455,1
DA:1457,1
DA:1458,1
DA:1459,1
DA:1462,1
DA:1463,1
DA:1464,1
DA:1465,1
DA:1466,1
DA:1469,1
DA:1470,1
DA:1471,1
DA:1472,1
DA:1475,1
DA:1476,1
DA:1477,1
DA:1478,1
DA:1479,1
DA:1482,1
DA:1483,1
DA:1484,1
DA:1486,1
DA:1487,1
DA:1488,1
DA:1489,1
DA:1490,1
DA:1491,1
DA:1492,1
DA:1493,1
DA:1494,1
DA:1495,1
DA:1496,1
DA:1497,1
DA:1498,1
BRF:0
BRH:0
LF:778
LH:723
end_of_record
SF:/Users/waku/dev/govee/src/backend/local.rs
FN:467,_RNCNCNCNvXs1_NtNtCsf2i7I5CTk8o_5govee7backend5localNtBb_12LocalBackendNtBd_12GoveeBackend12list_devices000Bf_
FN:477,_RNCNCNCNvXs1_NtNtCsf2i7I5CTk8o_5govee7backend5localNtBb_12LocalBackendNtBd_12GoveeBackend12list_devices00s_0Bf_
FN:274,_RNCNCNvMNtNtCsf2i7I5CTk8o_5govee7backend5localNtB6_12LocalBackend13get_device_ip0s_0Ba_
FN:257,_RNCNvMNtNtCsf2i7I5CTk8o_5govee7backend5localNtB4_12LocalBackend12send_command0B8_
FN:269,_RNCNvMNtNtCsf2i7I5CTk8o_5govee7backend5localNtB4_12LocalBackend13get_device_ip0B8_
FN:209,_RNCNvMNtNtCsf2i7I5CTk8o_5govee7backend5localNtB4_12LocalBackend8discover0B8_
FN:413,_RNCNvNtNtCsf2i7I5CTk8o_5govee7backend5local16parse_dev_status0B7_
FN:420,_RNCNvNtNtCsf2i7I5CTk8o_5govee7backend5local16parse_dev_statuss0_0B7_
FN:421,_RNCNvNtNtCsf2i7I5CTk8o_5govee7backend5local16parse_dev_statuss1_0B7_
FN:422,_RNCNvNtNtCsf2i7I5CTk8o_5govee7backend5local16parse_dev_statuss2_0B7_
FN:432,_RNCNvNtNtCsf2i7I5CTk8o_5govee7backend5local16parse_dev_statuss3_0B7_
FN:433,_RNCNvNtNtCsf2i7I5CTk8o_5govee7backend5local16parse_dev_statuss4_0B7_
FN:434,_RNCNvNtNtCsf2i7I5CTk8o_5govee7backend5local16parse_dev_statuss5_0B7_
FN:416,_RNCNvNtNtCsf2i7I5CTk8o_5govee7backend5local16parse_dev_statuss_0B7_
FN:679,_RNCNvXs_NtNtCsf2i7I5CTk8o_5govee7backend5localNtB6_12LocalBackendNtNtCs85QQFkKrybG_4core3fmt5Debug3fmt0Ba_
FN:688,_RNvXs0_NtNtCsf2i7I5CTk8o_5govee7backend5localNtB5_12LocalBackendNtNtNtCs85QQFkKrybG_4core3ops4drop4Drop4drop
FN:257,_RNvMNtNtCsf2i7I5CTk8o_5govee7backend5localNtB2_12LocalBackend12send_command
FN:269,_RNvMNtNtCsf2i7I5CTk8o_5govee7backend5localNtB2_12LocalBackend13get_device_ip
FN:130,_RNvMNtNtCsf2i7I5CTk8o_5govee7backend5localNtB2_12LocalBackend3new
FN:209,_RNvMNtNtCsf2i7I5CTk8o_5govee7backend5localNtB2_12LocalBackend8discover
FN:314,_RNvNtNtCsf2i7I5CTk8o_5govee7backend5local13handle_packet
FN:280,_RNvNtNtCsf2i7I5CTk8o_5govee7backend5local13receiver_loop
FN:22,_RNvNtNtCsf2i7I5CTk8o_5govee7backend5local14protocol_error
FN:447,_RNvNtNtCsf2i7I5CTk8o_5govee7backend5local15validate_kelvin
FN:412,_RNvNtNtCsf2i7I5CTk8o_5govee7backend5local16parse_dev_status
FN:395,_RNvNtNtCsf2i7I5CTk8o_5govee7backend5local17handle_dev_status
FN:33,_RNvNtNtCsf2i7I5CTk8o_5govee7backend5local17validate_local_ip
FN:351,_RNvNtNtCsf2i7I5CTk8o_5govee7backend5local20handle_scan_response
FN:613,_RNvXs1_NtNtCsf2i7I5CTk8o_5govee7backend5localNtB5_12LocalBackendNtB7_12GoveeBackend11list_scenes
FN:672,_RNvXs1_NtNtCsf2i7I5CTk8o_5govee7backend5localNtB5_12LocalBackendNtB7_12GoveeBackend12backend_type
FN:629,_RNvXs1_NtNtCsf2i7I5CTk8o_5govee7backend5localNtB5_12LocalBackendNtB7_12GoveeBackend13set_diy_scene
FN:666,_RNvXs1_NtNtCsf2i7I5CTk8o_5govee7backend5localNtB5_12LocalBackendNtB7_12GoveeBackend13set_work_mode
FN:625,_RNvXs1_NtNtCsf2i7I5CTk8o_5govee7backend5localNtB5_12LocalBackendNtB7_12GoveeBackend15list_diy_scenes
FN:657,_RNvXs1_NtNtCsf2i7I5CTk8o_5govee7backend5localNtB5_12LocalBackendNtB7_12GoveeBackend15list_work_modes
FN:640,_RNvXs1_NtNtCsf2i7I5CTk8o_5govee7backend5localNtB5_12LocalBackendNtB7_12GoveeBackend17set_segment_color
FN:651,_RNvXs1_NtNtCsf2i7I5CTk8o_5govee7backend5localNtB5_12LocalBackendNtB7_12GoveeBackend22set_segment_brightness
FN:619,_RNvXs1_NtNtCsf2i7I5CTk8o_5govee7backend5localNtB5_12LocalBackendNtB7_12GoveeBackend9set_scene
FN:678,_RNvXs_NtNtCsf2i7I5CTk8o_5govee7backend5localNtB4_12LocalBackendNtNtCs85QQFkKrybG_4core3fmt5Debug3fmt
FN:679,_RNCNvXs_NtNtCseqgZqxOBWDO_5govee7backend5localNtB6_12LocalBackendNtNtCs85QQFkKrybG_4core3fmt5Debug3fmt0Ba_
FN:678,_RNvXs_NtNtCseqgZqxOBWDO_5govee7backend5localNtB4_12LocalBackendNtNtCs85QQFkKrybG_4core3fmt5Debug3fmt
FN:257,_RNvMNtNtCseqgZqxOBWDO_5govee7backend5localNtB2_12LocalBackend12send_command
FN:269,_RNvMNtNtCseqgZqxOBWDO_5govee7backend5localNtB2_12LocalBackend13get_device_ip
FN:130,_RNvMNtNtCseqgZqxOBWDO_5govee7backend5localNtB2_12LocalBackend3new
FN:209,_RNvMNtNtCseqgZqxOBWDO_5govee7backend5localNtB2_12LocalBackend8discover
FN:314,_RNvNtNtCseqgZqxOBWDO_5govee7backend5local13handle_packet
FN:280,_RNvNtNtCseqgZqxOBWDO_5govee7backend5local13receiver_loop
FN:22,_RNvNtNtCseqgZqxOBWDO_5govee7backend5local14protocol_error
FN:447,_RNvNtNtCseqgZqxOBWDO_5govee7backend5local15validate_kelvin
FN:412,_RNvNtNtCseqgZqxOBWDO_5govee7backend5local16parse_dev_status
FN:395,_RNvNtNtCseqgZqxOBWDO_5govee7backend5local17handle_dev_status
FN:33,_RNvNtNtCseqgZqxOBWDO_5govee7backend5local17validate_local_ip
FN:351,_RNvNtNtCseqgZqxOBWDO_5govee7backend5local20handle_scan_response
FN:701,_RNvNtNtCseqgZqxOBWDO_5govee7backend5local31__assert_boxed_backend_send_sync
FN:697,_RNvNtNtCseqgZqxOBWDO_5govee7backend5local31__assert_local_backend_send_sync
FN:613,_RNvXs1_NtNtCseqgZqxOBWDO_5govee7backend5localNtB5_12LocalBackendNtB7_12GoveeBackend11list_scenes
FN:672,_RNvXs1_NtNtCseqgZqxOBWDO_5govee7backend5localNtB5_12LocalBackendNtB7_12GoveeBackend12backend_type
FN:629,_RNvXs1_NtNtCseqgZqxOBWDO_5govee7backend5localNtB5_12LocalBackendNtB7_12GoveeBackend13set_diy_scene
FN:666,_RNvXs1_NtNtCseqgZqxOBWDO_5govee7backend5localNtB5_12LocalBackendNtB7_12GoveeBackend13set_work_mode
FN:625,_RNvXs1_NtNtCseqgZqxOBWDO_5govee7backend5localNtB5_12LocalBackendNtB7_12GoveeBackend15list_diy_scenes
FN:657,_RNvXs1_NtNtCseqgZqxOBWDO_5govee7backend5localNtB5_12LocalBackendNtB7_12GoveeBackend15list_work_modes
FN:640,_RNvXs1_NtNtCseqgZqxOBWDO_5govee7backend5localNtB5_12LocalBackendNtB7_12GoveeBackend17set_segment_color
FN:651,_RNvXs1_NtNtCseqgZqxOBWDO_5govee7backend5localNtB5_12LocalBackendNtB7_12GoveeBackend22set_segment_brightness
FN:619,_RNvXs1_NtNtCseqgZqxOBWDO_5govee7backend5localNtB5_12LocalBackendNtB7_12GoveeBackend9set_scene
FN:695,_RINvNtNtCseqgZqxOBWDO_5govee7backend5local17__assert_send_syncINtNtCsdFlNUEO95cG_5alloc5boxed3BoxDNtB4_12GoveeBackendEL_EEB6_
FN:695,_RINvNtNtCseqgZqxOBWDO_5govee7backend5local17__assert_send_syncNtB2_12LocalBackendEB6_
FN:467,_RNCNCNCNvXs1_NtNtCseqgZqxOBWDO_5govee7backend5localNtBb_12LocalBackendNtBd_12GoveeBackend12list_devices000Bf_
FN:477,_RNCNCNCNvXs1_NtNtCseqgZqxOBWDO_5govee7backend5localNtBb_12LocalBackendNtBd_12GoveeBackend12list_devices00s_0Bf_
FN:274,_RNCNCNvMNtNtCseqgZqxOBWDO_5govee7backend5localNtB6_12LocalBackend13get_device_ip0s_0Ba_
FN:181,_RNCNCNvMNtNtCseqgZqxOBWDO_5govee7backend5localNtB6_12LocalBackend3new00Ba_
FN:323,_RNCNCNvNtNtCseqgZqxOBWDO_5govee7backend5local13handle_packet00B9_
FN:327,_RNCNCNvNtNtCseqgZqxOBWDO_5govee7backend5local13handle_packet0s0_0B9_
FN:333,_RNCNCNvNtNtCseqgZqxOBWDO_5govee7backend5local13handle_packet0s1_0B9_
FN:339,_RNCNCNvNtNtCseqgZqxOBWDO_5govee7backend5local13handle_packet0s2_0B9_
FN:326,_RNCNCNvNtNtCseqgZqxOBWDO_5govee7backend5local13handle_packet0s_0B9_
FN:358,_RNCNCNvNtNtCseqgZqxOBWDO_5govee7backend5local20handle_scan_response00B9_
FN:362,_RNCNCNvNtNtCseqgZqxOBWDO_5govee7backend5local20handle_scan_response0s0_0B9_
FN:363,_RNCNCNvNtNtCseqgZqxOBWDO_5govee7backend5local20handle_scan_response0s1_0B9_
FN:369,_RNCNCNvNtNtCseqgZqxOBWDO_5govee7backend5local20handle_scan_response0s2_0B9_
FN:359,_RNCNCNvNtNtCseqgZqxOBWDO_5govee7backend5local20handle_scan_response0s_0B9_
FN:257,_RNCNvMNtNtCseqgZqxOBWDO_5govee7backend5localNtB4_12LocalBackend12send_command0B8_
FN:269,_RNCNvMNtNtCseqgZqxOBWDO_5govee7backend5localNtB4_12LocalBackend13get_device_ip0B8_
FN:130,_RNCNvMNtNtCseqgZqxOBWDO_5govee7backend5localNtB4_12LocalBackend3new0B8_
FN:209,_RNCNvMNtNtCseqgZqxOBWDO_5govee7backend5localNtB4_12LocalBackend8discover0B8_
FN:319,_RNCNvNtNtCseqgZqxOBWDO_5govee7backend5local13handle_packet0B7_
FN:285,_RNCNvNtNtCseqgZqxOBWDO_5govee7backend5local13receiver_loop0B7_
FN:413,_RNCNvNtNtCseqgZqxOBWDO_5govee7backend5local16parse_dev_status0B7_
FN:420,_RNCNvNtNtCseqgZqxOBWDO_5govee7backend5local16parse_dev_statuss0_0B7_
FN:421,_RNCNvNtNtCseqgZqxOBWDO_5govee7backend5local16parse_dev_statuss1_0B7_
FN:422,_RNCNvNtNtCseqgZqxOBWDO_5govee7backend5local16parse_dev_statuss2_0B7_
FN:432,_RNCNvNtNtCseqgZqxOBWDO_5govee7backend5local16parse_dev_statuss3_0B7_
FN:433,_RNCNvNtNtCseqgZqxOBWDO_5govee7backend5local16parse_dev_statuss4_0B7_
FN:434,_RNCNvNtNtCseqgZqxOBWDO_5govee7backend5local16parse_dev_statuss5_0B7_
FN:416,_RNCNvNtNtCseqgZqxOBWDO_5govee7backend5local16parse_dev_statuss_0B7_
FN:399,_RNCNvNtNtCseqgZqxOBWDO_5govee7backend5local17handle_dev_status0B7_
FN:355,_RNCNvNtNtCseqgZqxOBWDO_5govee7backend5local20handle_scan_response0B7_
FN:804,_RNvNtNtNtCseqgZqxOBWDO_5govee7backend5local5testss_16cache_ttl_expiry
FN:899,_RNvNtNtNtCseqgZqxOBWDO_5govee7backend5local5testss_17set_color_payload
FN:752,_RNvNtNtNtCseqgZqxOBWDO_5govee7backend5local5testss_20parse_dev_status_off
FN:853,_RNvNtNtNtCseqgZqxOBWDO_5govee7backend5local5testss_20send_sync_assertions
FN:859,_RNvNtNtNtCseqgZqxOBWDO_5govee7backend5local5testss_20set_power_payload_on
FN:735,_RNvNtNtNtCseqgZqxOBWDO_5govee7backend5local5testss_21parse_dev_status_json
FN:872,_RNvNtNtNtCseqgZqxOBWDO_5govee7backend5local5testss_21set_power_payload_off
FN:885,_RNvNtNtNtCseqgZqxOBWDO_5govee7backend5local5testss_22set_brightness_payload
FN:919,_RNvNtNtNtCseqgZqxOBWDO_5govee7backend5local5testss_22set_color_temp_payload
FN:710,_RNvNtNtNtCseqgZqxOBWDO_5govee7backend5local5testss_24parse_scan_response_json
FN:968,_RNvNtNtNtCseqgZqxOBWDO_5govee7backend5local5testss_29ip_validation_public_rejected
FN:780,_RNvNtNtNtCseqgZqxOBWDO_5govee7backend5local5testss_29parse_dev_status_clamps_color
FN:953,_RNvNtNtNtCseqgZqxOBWDO_5govee7backend5local5testss_30ip_validation_private_accepted
FN:958,_RNvNtNtNtCseqgZqxOBWDO_5govee7backend5local5testss_31ip_validation_loopback_accepted
FN:963,_RNvNtNtNtCseqgZqxOBWDO_5govee7backend5local5testss_33ip_validation_link_local_accepted
FN:768,_RNvNtNtNtCseqgZqxOBWDO_5govee7backend5local5testss_34parse_dev_status_clamps_brightness
FN:792,_RNvNtNtNtCseqgZqxOBWDO_5govee7backend5local5testss_35parse_dev_status_missing_color_temp
FN:939,_RNvNtNtNtCseqgZqxOBWDO_5govee7backend5local5testss_35set_color_temp_kelvin_zero_rejected
FN:829,_RNvNtNtNtCseqgZqxOBWDO_5govee7backend5local5testss_38discovered_device_to_device_conversion
FN:946,_RNvNtNtNtCseqgZqxOBWDO_5govee7backend5local5testss_42set_color_temp_kelvin_above_10000_rejected
FN:721,_RNCNvNtNtNtCseqgZqxOBWDO_5govee7backend5local5testss_24parse_scan_response_json0B9_
FN:724,_RNCNvNtNtNtCseqgZqxOBWDO_5govee7backend5local5testss_24parse_scan_response_jsons0_0B9_
FN:723,_RNCNvNtNtNtCseqgZqxOBWDO_5govee7backend5local5testss_24parse_scan_response_jsons_0B9_
FN:688,_RNvXs0_NtNtCseqgZqxOBWDO_5govee7backend5localNtB5_12LocalBackendNtNtNtCs85QQFkKrybG_4core3ops4drop4Drop4drop
FN:181,_RNCNCNvMNtNtCsf2i7I5CTk8o_5govee7backend5localNtB6_12LocalBackend3new00Cs59FlhbXfkgP_10local_mock
FN:323,_RNCNCNvNtNtCsf2i7I5CTk8o_5govee7backend5local13handle_packet00Cs59FlhbXfkgP_10local_mock
FN:327,_RNCNCNvNtNtCsf2i7I5CTk8o_5govee7backend5local13handle_packet0s0_0Cs59FlhbXfkgP_10local_mock
FN:333,_RNCNCNvNtNtCsf2i7I5CTk8o_5govee7backend5local13handle_packet0s1_0Cs59FlhbXfkgP_10local_mock
FN:339,_RNCNCNvNtNtCsf2i7I5CTk8o_5govee7backend5local13handle_packet0s2_0Cs59FlhbXfkgP_10local_mock
FN:326,_RNCNCNvNtNtCsf2i7I5CTk8o_5govee7backend5local13handle_packet0s_0Cs59FlhbXfkgP_10local_mock
FN:358,_RNCNCNvNtNtCsf2i7I5CTk8o_5govee7backend5local20handle_scan_response00Cs59FlhbXfkgP_10local_mock
FN:362,_RNCNCNvNtNtCsf2i7I5CTk8o_5govee7backend5local20handle_scan_response0s0_0Cs59FlhbXfkgP_10local_mock
FN:363,_RNCNCNvNtNtCsf2i7I5CTk8o_5govee7backend5local20handle_scan_response0s1_0Cs59FlhbXfkgP_10local_mock
FN:369,_RNCNCNvNtNtCsf2i7I5CTk8o_5govee7backend5local20handle_scan_response0s2_0Cs59FlhbXfkgP_10local_mock
FN:359,_RNCNCNvNtNtCsf2i7I5CTk8o_5govee7backend5local20handle_scan_response0s_0Cs59FlhbXfkgP_10local_mock
FN:130,_RNCNvMNtNtCsf2i7I5CTk8o_5govee7backend5localNtB4_12LocalBackend3new0Cs59FlhbXfkgP_10local_mock
FN:319,_RNCNvNtNtCsf2i7I5CTk8o_5govee7backend5local13handle_packet0Cs59FlhbXfkgP_10local_mock
FN:285,_RNCNvNtNtCsf2i7I5CTk8o_5govee7backend5local13receiver_loop0Cs59FlhbXfkgP_10local_mock
FN:399,_RNCNvNtNtCsf2i7I5CTk8o_5govee7backend5local17handle_dev_status0Cs59FlhbXfkgP_10local_mock
FN:355,_RNCNvNtNtCsf2i7I5CTk8o_5govee7backend5local20handle_scan_response0Cs59FlhbXfkgP_10local_mock
FNDA:1,_RNCNCNCNvXs1_NtNtCsf2i7I5CTk8o_5govee7backend5localNtBb_12LocalBackendNtBd_12GoveeBackend12list_devices000Bf_
FNDA:1,_RNCNCNCNvXs1_NtNtCsf2i7I5CTk8o_5govee7backend5localNtBb_12LocalBackendNtBd_12GoveeBackend12list_devices00s_0Bf_
FNDA:5,_RNCNCNvMNtNtCsf2i7I5CTk8o_5govee7backend5localNtB6_12LocalBackend13get_device_ip0s_0Ba_
FNDA:8,_RNCNvMNtNtCsf2i7I5CTk8o_5govee7backend5localNtB4_12LocalBackend12send_command0B8_
FNDA:12,_RNCNvMNtNtCsf2i7I5CTk8o_5govee7backend5localNtB4_12LocalBackend13get_device_ip0B8_
FNDA:0,_RNCNvMNtNtCsf2i7I5CTk8o_5govee7backend5localNtB4_12LocalBackend8discover0B8_
FNDA:1,_RNCNvNtNtCsf2i7I5CTk8o_5govee7backend5local16parse_dev_status0B7_
FNDA:1,_RNCNvNtNtCsf2i7I5CTk8o_5govee7backend5local16parse_dev_statuss0_0B7_
FNDA:1,_RNCNvNtNtCsf2i7I5CTk8o_5govee7backend5local16parse_dev_statuss1_0B7_
FNDA:1,_RNCNvNtNtCsf2i7I5CTk8o_5govee7backend5local16parse_dev_statuss2_0B7_
FNDA:1,_RNCNvNtNtCsf2i7I5CTk8o_5govee7backend5local16parse_dev_statuss3_0B7_
FNDA:1,_RNCNvNtNtCsf2i7I5CTk8o_5govee7backend5local16parse_dev_statuss4_0B7_
FNDA:1,_RNCNvNtNtCsf2i7I5CTk8o_5govee7backend5local16parse_dev_statuss5_0B7_
FNDA:1,_RNCNvNtNtCsf2i7I5CTk8o_5govee7backend5local16parse_dev_statuss_0B7_
FNDA:0,_RNCNvXs_NtNtCsf2i7I5CTk8o_5govee7backend5localNtB6_12LocalBackendNtNtCs85QQFkKrybG_4core3fmt5Debug3fmt0Ba_
FNDA:19,_RNvXs0_NtNtCsf2i7I5CTk8o_5govee7backend5localNtB5_12LocalBackendNtNtNtCs85QQFkKrybG_4core3ops4drop4Drop4drop
FNDA:8,_RNvMNtNtCsf2i7I5CTk8o_5govee7backend5localNtB2_12LocalBackend12send_command
FNDA:12,_RNvMNtNtCsf2i7I5CTk8o_5govee7backend5localNtB2_12LocalBackend13get_device_ip
FNDA:20,_RNvMNtNtCsf2i7I5CTk8o_5govee7backend5localNtB2_12LocalBackend3new
FNDA:0,_RNvMNtNtCsf2i7I5CTk8o_5govee7backend5localNtB2_12LocalBackend8discover
FNDA:10,_RNvNtNtCsf2i7I5CTk8o_5govee7backend5local13handle_packet
FNDA:9,_RNvNtNtCsf2i7I5CTk8o_5govee7backend5local13receiver_loop
FNDA:0,_RNvNtNtCsf2i7I5CTk8o_5govee7backend5local14protocol_error
FNDA:3,_RNvNtNtCsf2i7I5CTk8o_5govee7backend5local15validate_kelvin
FNDA:1,_RNvNtNtCsf2i7I5CTk8o_5govee7backend5local16parse_dev_status
FNDA:1,_RNvNtNtCsf2i7I5CTk8o_5govee7backend5local17handle_dev_status
FNDA:6,_RNvNtNtCsf2i7I5CTk8o_5govee7backend5local17validate_local_ip
FNDA:9,_RNvNtNtCsf2i7I5CTk8o_5govee7backend5local20handle_scan_response
FNDA:1,_RNvXs1_NtNtCsf2i7I5CTk8o_5govee7backend5localNtB5_12LocalBackendNtB7_12GoveeBackend11list_scenes
FNDA:1,_RNvXs1_NtNtCsf2i7I5CTk8o_5govee7backend5localNtB5_12LocalBackendNtB7_12GoveeBackend12backend_type
FNDA:1,_RNvXs1_NtNtCsf2i7I5CTk8o_5govee7backend5localNtB5_12LocalBackendNtB7_12GoveeBackend13set_diy_scene
FNDA:1,_RNvXs1_NtNtCsf2i7I5CTk8o_5govee7backend5localNtB5_12LocalBackendNtB7_12GoveeBackend13set_work_mode
FNDA:1,_RNvXs1_NtNtCsf2i7I5CTk8o_5govee7backend5localNtB5_12LocalBackendNtB7_12GoveeBackend15list_diy_scenes
FNDA:1,_RNvXs1_NtNtCsf2i7I5CTk8o_5govee7backend5localNtB5_12LocalBackendNtB7_12GoveeBackend15list_work_modes
FNDA:1,_RNvXs1_NtNtCsf2i7I5CTk8o_5govee7backend5localNtB5_12LocalBackendNtB7_12GoveeBackend17set_segment_color
FNDA:1,_RNvXs1_NtNtCsf2i7I5CTk8o_5govee7backend5localNtB5_12LocalBackendNtB7_12GoveeBackend22set_segment_brightness
FNDA:1,_RNvXs1_NtNtCsf2i7I5CTk8o_5govee7backend5localNtB5_12LocalBackendNtB7_12GoveeBackend9set_scene
FNDA:0,_RNvXs_NtNtCsf2i7I5CTk8o_5govee7backend5localNtB4_12LocalBackendNtNtCs85QQFkKrybG_4core3fmt5Debug3fmt
FNDA:0,_RNCNvXs_NtNtCseqgZqxOBWDO_5govee7backend5localNtB6_12LocalBackendNtNtCs85QQFkKrybG_4core3fmt5Debug3fmt0Ba_
FNDA:0,_RNvXs_NtNtCseqgZqxOBWDO_5govee7backend5localNtB4_12LocalBackendNtNtCs85QQFkKrybG_4core3fmt5Debug3fmt
FNDA:0,_RNvMNtNtCseqgZqxOBWDO_5govee7backend5localNtB2_12LocalBackend12send_command
FNDA:0,_RNvMNtNtCseqgZqxOBWDO_5govee7backend5localNtB2_12LocalBackend13get_device_ip
FNDA:0,_RNvMNtNtCseqgZqxOBWDO_5govee7backend5localNtB2_12LocalBackend3new
FNDA:0,_RNvMNtNtCseqgZqxOBWDO_5govee7backend5localNtB2_12LocalBackend8discover
FNDA:0,_RNvNtNtCseqgZqxOBWDO_5govee7backend5local13handle_packet
FNDA:0,_RNvNtNtCseqgZqxOBWDO_5govee7backend5local13receiver_loop
FNDA:0,_RNvNtNtCseqgZqxOBWDO_5govee7backend5local14protocol_error
FNDA:2,_RNvNtNtCseqgZqxOBWDO_5govee7backend5local15validate_kelvin
FNDA:5,_RNvNtNtCseqgZqxOBWDO_5govee7backend5local16parse_dev_status
FNDA:0,_RNvNtNtCseqgZqxOBWDO_5govee7backend5local17handle_dev_status
FNDA:4,_RNvNtNtCseqgZqxOBWDO_5govee7backend5local17validate_local_ip
FNDA:0,_RNvNtNtCseqgZqxOBWDO_5govee7backend5local20handle_scan_response
FNDA:1,_RNvNtNtCseqgZqxOBWDO_5govee7backend5local31__assert_boxed_backend_send_sync
FNDA:1,_RNvNtNtCseqgZqxOBWDO_5govee7backend5local31__assert_local_backend_send_sync
FNDA:0,_RNvXs1_NtNtCseqgZqxOBWDO_5govee7backend5localNtB5_12LocalBackendNtB7_12GoveeBackend11list_scenes
FNDA:0,_RNvXs1_NtNtCseqgZqxOBWDO_5govee7backend5localNtB5_12LocalBackendNtB7_12GoveeBackend12backend_type
FNDA:0,_RNvXs1_NtNtCseqgZqxOBWDO_5govee7backend5localNtB5_12LocalBackendNtB7_12GoveeBackend13set_diy_scene
FNDA:0,_RNvXs1_NtNtCseqgZqxOBWDO_5govee7backend5localNtB5_12LocalBackendNtB7_12GoveeBackend13set_work_mode
FNDA:0,_RNvXs1_NtNtCseqgZqxOBWDO_5govee7backend5localNtB5_12LocalBackendNtB7_12GoveeBackend15list_diy_scenes
FNDA:0,_RNvXs1_NtNtCseqgZqxOBWDO_5govee7backend5localNtB5_12LocalBackendNtB7_12GoveeBackend15list_work_modes
FNDA:0,_RNvXs1_NtNtCseqgZqxOBWDO_5govee7backend5localNtB5_12LocalBackendNtB7_12GoveeBackend17set_segment_color
FNDA:0,_RNvXs1_NtNtCseqgZqxOBWDO_5govee7backend5localNtB5_12LocalBackendNtB7_12GoveeBackend22set_segment_brightness
FNDA:0,_RNvXs1_NtNtCseqgZqxOBWDO_5govee7backend5localNtB5_12LocalBackendNtB7_12GoveeBackend9set_scene
FNDA:1,_RINvNtNtCseqgZqxOBWDO_5govee7backend5local17__assert_send_syncINtNtCsdFlNUEO95cG_5alloc5boxed3BoxDNtB4_12GoveeBackendEL_EEB6_
FNDA:1,_RINvNtNtCseqgZqxOBWDO_5govee7backend5local17__assert_send_syncNtB2_12LocalBackendEB6_
FNDA:0,_RNCNCNCNvXs1_NtNtCseqgZqxOBWDO_5govee7backend5localNtBb_12LocalBackendNtBd_12GoveeBackend12list_devices000Bf_
FNDA:0,_RNCNCNCNvXs1_NtNtCseqgZqxOBWDO_5govee7backend5localNtBb_12LocalBackendNtBd_12GoveeBackend12list_devices00s_0Bf_
FNDA:0,_RNCNCNvMNtNtCseqgZqxOBWDO_5govee7backend5localNtB6_12LocalBackend13get_device_ip0s_0Ba_
FNDA:0,_RNCNCNvMNtNtCseqgZqxOBWDO_5govee7backend5localNtB6_12LocalBackend3new00Ba_
FNDA:0,_RNCNCNvNtNtCseqgZqxOBWDO_5govee7backend5local13handle_packet00B9_
FNDA:0,_RNCNCNvNtNtCseqgZqxOBWDO_5govee7backend5local13handle_packet0s0_0B9_
FNDA:0,_RNCNCNvNtNtCseqgZqxOBWDO_5govee7backend5local13handle_packet0s1_0B9_
FNDA:0,_RNCNCNvNtNtCseqgZqxOBWDO_5govee7backend5local13handle_packet0s2_0B9_
FNDA:0,_RNCNCNvNtNtCseqgZqxOBWDO_5govee7backend5local13handle_packet0s_0B9_
FNDA:0,_RNCNCNvNtNtCseqgZqxOBWDO_5govee7backend5local20handle_scan_response00B9_
FNDA:0,_RNCNCNvNtNtCseqgZqxOBWDO_5govee7backend5local20handle_scan_response0s0_0B9_
FNDA:0,_RNCNCNvNtNtCseqgZqxOBWDO_5govee7backend5local20handle_scan_response0s1_0B9_
FNDA:0,_RNCNCNvNtNtCseqgZqxOBWDO_5govee7backend5local20handle_scan_response0s2_0B9_
FNDA:0,_RNCNCNvNtNtCseqgZqxOBWDO_5govee7backend5local20handle_scan_response0s_0B9_
FNDA:0,_RNCNvMNtNtCseqgZqxOBWDO_5govee7backend5localNtB4_12LocalBackend12send_command0B8_
FNDA:0,_RNCNvMNtNtCseqgZqxOBWDO_5govee7backend5localNtB4_12LocalBackend13get_device_ip0B8_
FNDA:0,_RNCNvMNtNtCseqgZqxOBWDO_5govee7backend5localNtB4_12LocalBackend3new0B8_
FNDA:0,_RNCNvMNtNtCseqgZqxOBWDO_5govee7backend5localNtB4_12LocalBackend8discover0B8_
FNDA:0,_RNCNvNtNtCseqgZqxOBWDO_5govee7backend5local13handle_packet0B7_
FNDA:0,_RNCNvNtNtCseqgZqxOBWDO_5govee7backend5local13receiver_loop0B7_
FNDA:5,_RNCNvNtNtCseqgZqxOBWDO_5govee7backend5local16parse_dev_status0B7_
FNDA:5,_RNCNvNtNtCseqgZqxOBWDO_5govee7backend5local16parse_dev_statuss0_0B7_
FNDA:5,_RNCNvNtNtCseqgZqxOBWDO_5govee7backend5local16parse_dev_statuss1_0B7_
FNDA:5,_RNCNvNtNtCseqgZqxOBWDO_5govee7backend5local16parse_dev_statuss2_0B7_
FNDA:2,_RNCNvNtNtCseqgZqxOBWDO_5govee7backend5local16parse_dev_statuss3_0B7_
FNDA:2,_RNCNvNtNtCseqgZqxOBWDO_5govee7backend5local16parse_dev_statuss4_0B7_
FNDA:2,_RNCNvNtNtCseqgZqxOBWDO_5govee7backend5local16parse_dev_statuss5_0B7_
FNDA:5,_RNCNvNtNtCseqgZqxOBWDO_5govee7backend5local16parse_dev_statuss_0B7_
FNDA:0,_RNCNvNtNtCseqgZqxOBWDO_5govee7backend5local17handle_dev_status0B7_
FNDA:0,_RNCNvNtNtCseqgZqxOBWDO_5govee7backend5local20handle_scan_response0B7_
FNDA:1,_RNvNtNtNtCseqgZqxOBWDO_5govee7backend5local5testss_16cache_ttl_expiry
FNDA:1,_RNvNtNtNtCseqgZqxOBWDO_5govee7backend5local5testss_17set_color_payload
FNDA:1,_RNvNtNtNtCseqgZqxOBWDO_5govee7backend5local5testss_20parse_dev_status_off
FNDA:1,_RNvNtNtNtCseqgZqxOBWDO_5govee7backend5local5testss_20send_sync_assertions
FNDA:1,_RNvNtNtNtCseqgZqxOBWDO_5govee7backend5local5testss_20set_power_payload_on
FNDA:1,_RNvNtNtNtCseqgZqxOBWDO_5govee7backend5local5testss_21parse_dev_status_json
FNDA:1,_RNvNtNtNtCseqgZqxOBWDO_5govee7backend5local5testss_21set_power_payload_off
FNDA:1,_RNvNtNtNtCseqgZqxOBWDO_5govee7backend5local5testss_22set_brightness_payload
FNDA:1,_RNvNtNtNtCseqgZqxOBWDO_5govee7backend5local5testss_22set_color_temp_payload
FNDA:1,_RNvNtNtNtCseqgZqxOBWDO_5govee7backend5local5testss_24parse_scan_response_json
FNDA:1,_RNvNtNtNtCseqgZqxOBWDO_5govee7backend5local5testss_29ip_validation_public_rejected
FNDA:1,_RNvNtNtNtCseqgZqxOBWDO_5govee7backend5local5testss_29parse_dev_status_clamps_color
FNDA:1,_RNvNtNtNtCseqgZqxOBWDO_5govee7backend5local5testss_30ip_validation_private_accepted
FNDA:1,_RNvNtNtNtCseqgZqxOBWDO_5govee7backend5local5testss_31ip_validation_loopback_accepted
FNDA:1,_RNvNtNtNtCseqgZqxOBWDO_5govee7backend5local5testss_33ip_validation_link_local_accepted
FNDA:1,_RNvNtNtNtCseqgZqxOBWDO_5govee7backend5local5testss_34parse_dev_status_clamps_brightness
FNDA:1,_RNvNtNtNtCseqgZqxOBWDO_5govee7backend5local5testss_35parse_dev_status_missing_color_temp
FNDA:1,_RNvNtNtNtCseqgZqxOBWDO_5govee7backend5local5testss_35set_color_temp_kelvin_zero_rejected
FNDA:1,_RNvNtNtNtCseqgZqxOBWDO_5govee7backend5local5testss_38discovered_device_to_device_conversion
FNDA:1,_RNvNtNtNtCseqgZqxOBWDO_5govee7backend5local5testss_42set_color_temp_kelvin_above_10000_rejected
FNDA:1,_RNCNvNtNtNtCseqgZqxOBWDO_5govee7backend5local5testss_24parse_scan_response_json0B9_
FNDA:1,_RNCNvNtNtNtCseqgZqxOBWDO_5govee7backend5local5testss_24parse_scan_response_jsons0_0B9_
FNDA:1,_RNCNvNtNtNtCseqgZqxOBWDO_5govee7backend5local5testss_24parse_scan_response_jsons_0B9_
FNDA:0,_RNvXs0_NtNtCseqgZqxOBWDO_5govee7backend5localNtB5_12LocalBackendNtNtNtCs85QQFkKrybG_4core3ops4drop4Drop4drop
FNDA:9,_RNCNCNvMNtNtCsf2i7I5CTk8o_5govee7backend5localNtB6_12LocalBackend3new00Cs59FlhbXfkgP_10local_mock
FNDA:0,_RNCNCNvNtNtCsf2i7I5CTk8o_5govee7backend5local13handle_packet00Cs59FlhbXfkgP_10local_mock
FNDA:0,_RNCNCNvNtNtCsf2i7I5CTk8o_5govee7backend5local13handle_packet0s0_0Cs59FlhbXfkgP_10local_mock
FNDA:0,_RNCNCNvNtNtCsf2i7I5CTk8o_5govee7backend5local13handle_packet0s1_0Cs59FlhbXfkgP_10local_mock
FNDA:0,_RNCNCNvNtNtCsf2i7I5CTk8o_5govee7backend5local13handle_packet0s2_0Cs59FlhbXfkgP_10local_mock
FNDA:10,_RNCNCNvNtNtCsf2i7I5CTk8o_5govee7backend5local13handle_packet0s_0Cs59FlhbXfkgP_10local_mock
FNDA:9,_RNCNCNvNtNtCsf2i7I5CTk8o_5govee7backend5local20handle_scan_response00Cs59FlhbXfkgP_10local_mock
FNDA:9,_RNCNCNvNtNtCsf2i7I5CTk8o_5govee7backend5local20handle_scan_response0s0_0Cs59FlhbXfkgP_10local_mock
FNDA:0,_RNCNCNvNtNtCsf2i7I5CTk8o_5govee7backend5local20handle_scan_response0s1_0Cs59FlhbXfkgP_10local_mock
FNDA:9,_RNCNCNvNtNtCsf2i7I5CTk8o_5govee7backend5local20handle_scan_response0s2_0Cs59FlhbXfkgP_10local_mock
FNDA:0,_RNCNCNvNtNtCsf2i7I5CTk8o_5govee7backend5local20handle_scan_response0s_0Cs59FlhbXfkgP_10local_mock
FNDA:20,_RNCNvMNtNtCsf2i7I5CTk8o_5govee7backend5localNtB4_12LocalBackend3new0Cs59FlhbXfkgP_10local_mock
FNDA:10,_RNCNvNtNtCsf2i7I5CTk8o_5govee7backend5local13handle_packet0Cs59FlhbXfkgP_10local_mock
FNDA:9,_RNCNvNtNtCsf2i7I5CTk8o_5govee7backend5local13receiver_loop0Cs59FlhbXfkgP_10local_mock
FNDA:1,_RNCNvNtNtCsf2i7I5CTk8o_5govee7backend5local17handle_dev_status0Cs59FlhbXfkgP_10local_mock
FNDA:9,_RNCNvNtNtCsf2i7I5CTk8o_5govee7backend5local20handle_scan_response0Cs59FlhbXfkgP_10local_mock
FNF:80
FNH:69
DA:22,0
DA:23,0
DA:24,0
DA:33,10
DA:34,10
DA:35,10
DA:36,0
DA:38,10
DA:39,1
DA:40,1
DA:41,1
DA:42,9
DA:43,9
DA:44,10
DA:130,20
DA:131,20
DA:132,0
DA:133,0
DA:134,0
DA:135,0
DA:136,0
DA:137,20
DA:140,19
DA:141,20
DA:144,20
DA:145,0
DA:147,20
DA:149,20
DA:150,20
DA:151,1
DA:152,1
DA:153,1
DA:154,1
DA:155,1
DA:156,1
DA:157,0
DA:158,0
DA:159,19
DA:161,19
DA:162,19
DA:164,19
DA:168,19
DA:170,19
DA:171,19
DA:172,19
DA:173,19
DA:174,19
DA:176,19
DA:177,19
DA:178,19
DA:179,19
DA:181,19
DA:182,9
DA:183,0
DA:186,19
DA:188,19
DA:189,19
DA:190,19
DA:191,19
DA:192,19
DA:193,19
DA:194,19
DA:195,19
DA:196,19
DA:197,20
DA:209,0
DA:210,0
DA:211,0
DA:212,0
DA:213,0
DA:214,0
DA:217,0
DA:218,0
DA:219,0
DA:220,0
DA:221,0
DA:225,0
DA:226,0
DA:227,0
DA:228,0
DA:230,0
DA:231,0
DA:233,0
DA:234,0
DA:235,0
DA:238,0
DA:239,0
DA:240,0
DA:241,0
DA:243,0
DA:246,0
DA:250,0
DA:251,0
DA:257,8
DA:258,8
DA:259,4
DA:261,4
DA:262,4
DA:264,4
DA:265,4
DA:266,8
DA:269,12
DA:270,12
DA:271,12
DA:272,12
DA:273,12
DA:274,12
DA:275,12
DA:280,9
DA:281,9
DA:282,9
DA:283,9
DA:284,9
DA:285,9
DA:286,9
DA:289,19
DA:290,19
DA:291,19
DA:292,10
DA:293,10
DA:294,10
DA:295,10
DA:296,10
DA:297,10
DA:298,10
DA:299,10
DA:300,10
DA:301,0
DA:302,10
DA:304,0
DA:305,0
DA:311,0
DA:314,10
DA:315,10
DA:316,10
DA:317,10
DA:318,10
DA:319,10
DA:320,10
DA:321,10
DA:322,10
DA:323,10
DA:324,10
DA:325,10
DA:326,10
DA:327,10
DA:329,10
DA:330,10
DA:331,9
DA:332,9
DA:333,9
DA:334,9
DA:336,1
DA:337,1
DA:338,1
DA:339,1
DA:340,1
DA:343,0
DA:347,10
DA:348,10
DA:351,9
DA:352,9
DA:353,9
DA:354,9
DA:355,9
DA:356,9
DA:357,9
DA:358,9
DA:359,9
DA:360,9
DA:361,9
DA:362,9
DA:363,9
DA:368,9
DA:369,9
DA:370,9
DA:372,0
DA:373,0
DA:377,9
DA:379,9
DA:381,9
DA:382,9
DA:383,9
DA:384,9
DA:385,9
DA:386,9
DA:388,9
DA:389,9
DA:391,9
DA:392,9
DA:395,1
DA:396,1
DA:397,1
DA:398,1
DA:399,1
DA:400,1
DA:402,1
DA:403,1
DA:404,1
DA:405,1
DA:406,1
DA:408,1
DA:409,1
DA:412,6
DA:413,6
DA:414,6
DA:416,6
DA:417,6
DA:419,6
DA:420,6
DA:421,6
DA:422,6
DA:423,6
DA:425,0
DA:430,6
DA:431,6
DA:432,6
DA:433,6
DA:434,6
DA:436,6
DA:437,6
DA:438,6
DA:439,6
DA:440,6
DA:442,6
DA:444,6
DA:447,5
DA:448,5
DA:449,3
DA:450,3
DA:451,3
DA:452,2
DA:453,2
DA:454,5
DA:467,1
DA:477,1
DA:613,1
DA:617,1
DA:619,1
DA:623,1
DA:625,1
DA:627,1
DA:629,1
DA:633,1
DA:640,1
DA:644,1
DA:651,1
DA:655,1
DA:657,1
DA:659,1
DA:666,1
DA:670,1
DA:672,1
DA:673,1
DA:674,1
DA:678,0
DA:679,0
DA:680,0
DA:681,0
DA:682,0
DA:683,0
DA:684,0
DA:688,19
DA:689,19
DA:690,19
DA:691,19
DA:695,2
DA:697,1
DA:698,1
DA:699,1
DA:701,1
DA:702,1
DA:703,1
DA:710,1
DA:711,1
DA:712,1
DA:713,1
DA:714,1
DA:715,1
DA:716,1
DA:717,1
DA:718,1
DA:721,1
DA:722,1
DA:723,1
DA:724,1
DA:726,1
DA:727,1
DA:728,1
DA:730,1
DA:731,1
DA:732,1
DA:735,1
DA:736,1
DA:737,1
DA:738,1
DA:739,1
DA:740,1
DA:743,1
DA:744,1
DA:745,1
DA:746,1
DA:747,1
DA:748,1
DA:749,1
DA:752,1
DA:753,1
DA:754,1
DA:755,1
DA:756,1
DA:757,1
DA:760,1
DA:761,1
DA:762,1
DA:764,1
DA:765,1
DA:768,1
DA:769,1
DA:770,1
DA:771,1
DA:772,1
DA:775,1
DA:776,1
DA:777,1
DA:780,1
DA:781,1
DA:782,1
DA:783,1
DA:784,1
DA:787,1
DA:788,1
DA:789,1
DA:792,1
DA:793,1
DA:794,1
DA:795,1
DA:796,1
DA:799,1
DA:800,1
DA:801,1
DA:804,1
DA:805,1
DA:808,1
DA:809,1
DA:810,1
DA:811,1
DA:812,1
[...]
DA:3511,1
DA:3512,1
DA:3513,1
DA:3515,1
DA:3516,1
DA:3517,1
DA:3519,1
DA:3520,1
DA:3521,1
DA:3522,1
DA:3523,1
DA:3525,1
DA:3526,1
DA:3528,1
DA:3529,1
DA:3530,1
DA:3535,1
DA:3538,1
DA:3539,1
DA:3540,1
DA:3542,1
DA:3543,1
DA:3544,1
DA:3545,1
DA:3546,1
DA:3549,1
DA:3550,1
DA:3551,1
DA:3552,1
DA:3553,8
DA:3554,1
DA:3556,1
DA:3557,1
DA:3558,1
DA:3559,1
DA:3560,1
DA:3561,1
DA:3562,1
DA:3564,1
DA:3568,1
DA:3569,1
DA:3570,1
DA:3571,1
DA:3572,1
DA:3573,1
DA:3574,1
DA:3575,1
DA:3578,1
DA:3580,1
DA:3581,1
DA:3583,1
DA:3584,1
DA:3585,1
DA:3586,1
DA:3587,1
DA:3588,1
DA:3590,1
DA:3591,1
DA:3592,1
DA:3594,1
DA:3595,1
DA:3596,1
DA:3598,1
DA:3600,1
DA:3601,1
DA:3602,1
DA:3604,1
DA:3607,1
DA:3608,1
DA:3609,1
DA:3610,1
DA:3611,1
DA:3612,1
DA:3613,1
DA:3618,1
DA:3621,1
DA:3622,1
DA:3623,1
DA:3624,1
DA:3625,1
DA:3627,1
DA:3628,1
DA:3629,1
DA:3630,1
DA:3631,1
DA:3634,1
DA:3635,1
DA:3636,1
DA:3637,1
DA:3638,1
DA:3639,1
DA:3640,1
DA:3641,1
DA:3642,1
DA:3643,1
DA:3645,1
DA:3646,1
DA:3647,1
DA:3649,1
DA:3650,1
DA:3651,1
DA:3653,1
DA:3655,1
DA:3656,1
DA:3657,1
DA:3660,1
DA:3661,1
DA:3664,1
DA:3665,1
DA:3666,1
DA:3669,1
DA:3672,1
DA:3673,1
DA:3674,1
DA:3675,1
DA:3676,1
DA:3678,1
DA:3679,1
DA:3680,1
DA:3681,1
DA:3682,1
DA:3685,1
DA:3686,1
DA:3687,1
DA:3688,1
DA:3689,1
DA:3690,1
DA:3691,1
DA:3692,1
DA:3693,1
DA:3694,1
DA:3696,1
DA:3697,1
DA:3698,1
DA:3699,1
DA:3702,1
DA:3703,1
DA:3704,1
DA:3706,1
DA:3707,1
DA:3708,1
DA:3710,1
DA:3712,1
DA:3713,1
DA:3714,1
DA:3716,1
DA:3718,1
DA:3719,1
DA:3720,1
DA:3723,1
DA:3726,1
DA:3727,1
DA:3728,1
DA:3729,1
DA:3730,1
DA:3731,1
DA:3733,1
DA:3734,1
DA:3735,1
DA:3736,1
DA:3737,1
DA:3740,1
DA:3741,1
DA:3742,1
DA:3743,1
DA:3744,1
DA:3747,1
DA:3748,1
DA:3749,1
DA:3750,1
DA:3751,1
DA:3752,1
DA:3753,1
DA:3754,1
DA:3755,1
DA:3756,1
DA:3758,1
DA:3759,1
DA:3760,1
DA:3761,1
DA:3764,1
DA:3765,1
DA:3768,1
DA:3769,1
DA:3770,1
BRF:0
BRH:0
LF:2618
LH:2487
end_of_record
SF:/Users/waku/dev/govee/src/scene.rs
FN:59,_RNCNvMNtCsf2i7I5CTk8o_5govee5sceneNtB4_5Scene3new0B6_
FN:180,_RNCNvMs_NtCsf2i7I5CTk8o_5govee5sceneNtB6_13SceneRegistry16with_user_scenes0B8_
FN:141,_RNCNvMs_NtCsf2i7I5CTk8o_5govee5sceneNtB6_13SceneRegistry3get0B8_
FN:147,_RNCNvMs_NtCsf2i7I5CTk8o_5govee5sceneNtB6_13SceneRegistry4list0B8_
FN:79,_RNvMNtCsf2i7I5CTk8o_5govee5sceneNtB2_5Scene10brightness
FN:43,_RNvMNtCsf2i7I5CTk8o_5govee5sceneNtB2_5Scene3new
FN:74,_RNvMNtCsf2i7I5CTk8o_5govee5sceneNtB2_5Scene4name
FN:84,_RNvMNtCsf2i7I5CTk8o_5govee5sceneNtB2_5Scene5color
FN:157,_RNvMs_NtCsf2i7I5CTk8o_5govee5sceneNtB4_13SceneRegistry16with_user_scenes
FN:138,_RNvMs_NtCsf2i7I5CTk8o_5govee5sceneNtB4_13SceneRegistry3get
FN:100,_RNvMs_NtCsf2i7I5CTk8o_5govee5sceneNtB4_13SceneRegistry3new
FN:145,_RNvMs_NtCsf2i7I5CTk8o_5govee5sceneNtB4_13SceneRegistry4list
FN:202,_RNvXs0_NtCsf2i7I5CTk8o_5govee5sceneNtB5_13SceneRegistryNtNtCs85QQFkKrybG_4core7default7Default7default
FN:271,_RNvNtNtCseqgZqxOBWDO_5govee5scene5testss_16reject_temp_zero
FN:240,_RNvNtNtCseqgZqxOBWDO_5govee5scene5testss_17lookup_exact_name
FN:295,_RNvNtNtCseqgZqxOBWDO_5govee5scene5testss_17reject_empty_name
FN:258,_RNvNtNtCseqgZqxOBWDO_5govee5scene5testss_20lookup_unknown_scene
FN:384,_RNvNtNtCseqgZqxOBWDO_5govee5scene5testss_21user_color_temp_scene
FN:289,_RNvNtNtCseqgZqxOBWDO_5govee5scene5testss_22reject_name_with_space
FN:277,_RNvNtNtCseqgZqxOBWDO_5govee5scene5testss_22reject_temp_over_10000
FN:301,_RNvNtNtCseqgZqxOBWDO_5govee5scene5testss_23accept_valid_name_chars
FN:249,_RNvNtNtCseqgZqxOBWDO_5govee5scene5testss_23lookup_case_insensitive
FN:283,_RNvNtNtCseqgZqxOBWDO_5govee5scene5testss_24reject_name_with_newline
FN:265,_RNvNtNtCseqgZqxOBWDO_5govee5scene5testss_26reject_brightness_over_100
FN:366,_RNvNtNtCseqgZqxOBWDO_5govee5scene5testss_28user_scene_overrides_builtin
FN:212,_RNvNtNtCseqgZqxOBWDO_5govee5scene5testss_32builtins_all_present_with_values
FN:308,_RNvNtNtCseqgZqxOBWDO_5govee5scene5testss_38user_scene_loaded_via_with_user_scenes
FN:327,_RNvNtNtCseqgZqxOBWDO_5govee5scene5testss_42user_scene_neither_color_nor_temp_rejected
FN:342,_RNvNtNtCseqgZqxOBWDO_5govee5scene5testss_44user_scene_collision_between_two_user_scenes
FN:402,_RNvNtNtCseqgZqxOBWDO_5govee5scene5testss_47user_scene_case_insensitive_collision_last_wins
FN:79,_RNvMNtCseqgZqxOBWDO_5govee5sceneNtB2_5Scene10brightness
FN:43,_RNvMNtCseqgZqxOBWDO_5govee5sceneNtB2_5Scene3new
FN:74,_RNvMNtCseqgZqxOBWDO_5govee5sceneNtB2_5Scene4name
FN:84,_RNvMNtCseqgZqxOBWDO_5govee5sceneNtB2_5Scene5color
FN:157,_RNvMs_NtCseqgZqxOBWDO_5govee5sceneNtB4_13SceneRegistry16with_user_scenes
FN:138,_RNvMs_NtCseqgZqxOBWDO_5govee5sceneNtB4_13SceneRegistry3get
FN:100,_RNvMs_NtCseqgZqxOBWDO_5govee5sceneNtB4_13SceneRegistry3new
FN:145,_RNvMs_NtCseqgZqxOBWDO_5govee5sceneNtB4_13SceneRegistry4list
FN:202,_RNvXs0_NtCseqgZqxOBWDO_5govee5sceneNtB5_13SceneRegistryNtNtCs85QQFkKrybG_4core7default7Default7default
FN:59,_RNCNvMNtCseqgZqxOBWDO_5govee5sceneNtB4_5Scene3new0B6_
FN:180,_RNCNvMs_NtCseqgZqxOBWDO_5govee5sceneNtB6_13SceneRegistry16with_user_scenes0B8_
FN:141,_RNCNvMs_NtCseqgZqxOBWDO_5govee5sceneNtB6_13SceneRegistry3get0B8_
FN:147,_RNCNvMs_NtCseqgZqxOBWDO_5govee5sceneNtB6_13SceneRegistry4list0B8_
FNDA:0,_RNCNvMNtCsf2i7I5CTk8o_5govee5sceneNtB4_5Scene3new0B6_
FNDA:0,_RNCNvMs_NtCsf2i7I5CTk8o_5govee5sceneNtB6_13SceneRegistry16with_user_scenes0B8_
FNDA:0,_RNCNvMs_NtCsf2i7I5CTk8o_5govee5sceneNtB6_13SceneRegistry3get0B8_
FNDA:0,_RNCNvMs_NtCsf2i7I5CTk8o_5govee5sceneNtB6_13SceneRegistry4list0B8_
FNDA:0,_RNvMNtCsf2i7I5CTk8o_5govee5sceneNtB2_5Scene10brightness
FNDA:0,_RNvMNtCsf2i7I5CTk8o_5govee5sceneNtB2_5Scene3new
FNDA:0,_RNvMNtCsf2i7I5CTk8o_5govee5sceneNtB2_5Scene4name
FNDA:0,_RNvMNtCsf2i7I5CTk8o_5govee5sceneNtB2_5Scene5color
FNDA:0,_RNvMs_NtCsf2i7I5CTk8o_5govee5sceneNtB4_13SceneRegistry16with_user_scenes
FNDA:0,_RNvMs_NtCsf2i7I5CTk8o_5govee5sceneNtB4_13SceneRegistry3get
FNDA:0,_RNvMs_NtCsf2i7I5CTk8o_5govee5sceneNtB4_13SceneRegistry3new
FNDA:0,_RNvMs_NtCsf2i7I5CTk8o_5govee5sceneNtB4_13SceneRegistry4list
FNDA:0,_RNvXs0_NtCsf2i7I5CTk8o_5govee5sceneNtB5_13SceneRegistryNtNtCs85QQFkKrybG_4core7default7Default7default
FNDA:1,_RNvNtNtCseqgZqxOBWDO_5govee5scene5testss_16reject_temp_zero
FNDA:1,_RNvNtNtCseqgZqxOBWDO_5govee5scene5testss_17lookup_exact_name
FNDA:1,_RNvNtNtCseqgZqxOBWDO_5govee5scene5testss_17reject_empty_name
FNDA:1,_RNvNtNtCseqgZqxOBWDO_5govee5scene5testss_20lookup_unknown_scene
FNDA:1,_RNvNtNtCseqgZqxOBWDO_5govee5scene5testss_21user_color_temp_scene
FNDA:1,_RNvNtNtCseqgZqxOBWDO_5govee5scene5testss_22reject_name_with_space
FNDA:1,_RNvNtNtCseqgZqxOBWDO_5govee5scene5testss_22reject_temp_over_10000
FNDA:1,_RNvNtNtCseqgZqxOBWDO_5govee5scene5testss_23accept_valid_name_chars
FNDA:1,_RNvNtNtCseqgZqxOBWDO_5govee5scene5testss_23lookup_case_insensitive
FNDA:1,_RNvNtNtCseqgZqxOBWDO_5govee5scene5testss_24reject_name_with_newline
FNDA:1,_RNvNtNtCseqgZqxOBWDO_5govee5scene5testss_26reject_brightness_over_100
FNDA:1,_RNvNtNtCseqgZqxOBWDO_5govee5scene5testss_28user_scene_overrides_builtin
FNDA:1,_RNvNtNtCseqgZqxOBWDO_5govee5scene5testss_32builtins_all_present_with_values
FNDA:1,_RNvNtNtCseqgZqxOBWDO_5govee5scene5testss_38user_scene_loaded_via_with_user_scenes
FNDA:1,_RNvNtNtCseqgZqxOBWDO_5govee5scene5testss_42user_scene_neither_color_nor_temp_rejected
FNDA:1,_RNvNtNtCseqgZqxOBWDO_5govee5scene5testss_44user_scene_collision_between_two_user_scenes
FNDA:1,_RNvNtNtCseqgZqxOBWDO_5govee5scene5testss_47user_scene_case_insensitive_collision_last_wins
FNDA:19,_RNvMNtCseqgZqxOBWDO_5govee5sceneNtB2_5Scene10brightness
FNDA:16,_RNvMNtCseqgZqxOBWDO_5govee5sceneNtB2_5Scene3new
FNDA:453,_RNvMNtCseqgZqxOBWDO_5govee5sceneNtB2_5Scene4name
FNDA:19,_RNvMNtCseqgZqxOBWDO_5govee5sceneNtB2_5Scene5color
FNDA:82,_RNvMs_NtCseqgZqxOBWDO_5govee5sceneNtB4_13SceneRegistry16with_user_scenes
FNDA:21,_RNvMs_NtCseqgZqxOBWDO_5govee5sceneNtB4_13SceneRegistry3get
FNDA:86,_RNvMs_NtCseqgZqxOBWDO_5govee5sceneNtB4_13SceneRegistry3new
FNDA:1,_RNvMs_NtCseqgZqxOBWDO_5govee5sceneNtB4_13SceneRegistry4list
FNDA:0,_RNvXs0_NtCseqgZqxOBWDO_5govee5sceneNtB5_13SceneRegistryNtNtCs85QQFkKrybG_4core7default7Default7default
FNDA:65,_RNCNvMNtCseqgZqxOBWDO_5govee5sceneNtB4_5Scene3new0B6_
FNDA:0,_RNCNvMs_NtCseqgZqxOBWDO_5govee5sceneNtB6_13SceneRegistry16with_user_scenes0B8_
FNDA:2,_RNCNvMs_NtCseqgZqxOBWDO_5govee5sceneNtB6_13SceneRegistry3get0B8_
FNDA:14,_RNCNvMs_NtCseqgZqxOBWDO_5govee5sceneNtB6_13SceneRegistry4list0B8_
FNF:30
FNH:28
DA:43,16
DA:44,16
DA:45,1
DA:46,15
DA:48,15
DA:49,11
DA:51,2
DA:52,2
DA:53,2
DA:54,13
DA:56,13
DA:57,12
DA:58,12
DA:59,65
DA:61,3
DA:62,3
DA:63,3
DA:64,10
DA:66,10
DA:67,10
DA:68,10
DA:69,10
DA:70,10
DA:71,16
DA:74,453
DA:75,453
DA:76,453
DA:79,19
DA:80,19
DA:81,19
DA:84,19
DA:85,19
DA:86,19
DA:100,86
DA:101,86
DA:102,86
DA:103,86
DA:104,86
DA:105,86
DA:106,86
DA:107,86
DA:108,86
DA:109,86
DA:110,86
DA:111,86
DA:112,86
DA:113,86
DA:114,86
DA:115,86
DA:116,86
DA:117,86
DA:118,86
DA:119,86
DA:120,86
DA:121,86
DA:122,86
DA:123,86
DA:124,86
DA:125,86
DA:126,86
DA:127,86
DA:129,86
DA:130,516
DA:131,430
DA:132,430
DA:134,86
DA:135,86
DA:138,21
DA:139,21
DA:140,21
DA:141,21
DA:142,21
DA:145,1
DA:146,1
DA:147,14
DA:148,1
DA:149,1
DA:157,82
DA:159,82
DA:161,82
DA:164,82
DA:165,82
DA:167,91
DA:168,10
DA:169,10
DA:170,4
DA:171,5
DA:173,1
DA:174,1
DA:175,1
DA:179,9
DA:180,9
DA:181,9
DA:183,9
DA:184,3
DA:186,2
DA:187,1
DA:189,1
DA:190,0
DA:191,6
DA:193,9
DA:194,9
DA:197,81
DA:198,82
DA:202,0
DA:203,0
DA:204,0
DA:212,1
DA:213,1
DA:214,1
DA:215,1
DA:218,1
DA:219,1
DA:220,1
DA:222,1
DA:223,1
DA:224,1
DA:226,1
DA:227,1
DA:228,1
DA:230,1
DA:231,1
DA:232,1
DA:234,1
DA:235,1
DA:236,1
DA:237,1
DA:240,1
DA:241,1
DA:242,1
DA:243,1
DA:244,1
DA:245,1
DA:246,1
DA:249,1
DA:250,1
DA:251,1
DA:252,1
DA:253,1
DA:254,1
DA:255,1
DA:258,1
DA:259,1
DA:260,1
DA:261,1
DA:262,1
DA:265,1
DA:266,1
DA:267,1
DA:268,1
DA:271,1
DA:272,1
DA:273,1
DA:274,1
DA:277,1
DA:278,1
DA:279,1
DA:280,1
DA:283,1
DA:284,1
DA:285,1
DA:286,1
DA:289,1
DA:290,1
DA:291,1
DA:292,1
DA:295,1
DA:296,1
DA:297,1
DA:298,1
DA:301,1
DA:302,1
DA:303,1
DA:304,1
DA:305,1
DA:308,1
DA:309,1
DA:310,1
DA:311,1
DA:312,1
DA:313,1
DA:314,1
DA:315,1
DA:316,1
DA:319,1
DA:320,1
DA:321,1
DA:322,1
DA:323,1
DA:324,1
DA:327,1
DA:328,1
DA:329,1
DA:330,1
DA:331,1
DA:332,1
DA:333,1
DA:334,1
DA:335,1
DA:337,1
DA:338,1
DA:339,1
DA:342,1
DA:343,1
DA:344,1
DA:345,1
DA:346,1
DA:347,1
DA:348,1
DA:349,1
DA:350,1
DA:352,1
DA:353,1
DA:354,1
DA:355,1
DA:356,1
DA:357,1
DA:358,1
DA:361,1
DA:362,1
DA:363,1
DA:366,1
DA:367,1
DA:368,1
DA:369,1
DA:370,1
DA:371,1
DA:372,1
DA:373,1
DA:374,1
DA:377,1
DA:378,1
DA:379,1
DA:380,1
DA:381,1
DA:384,1
DA:385,1
DA:386,1
DA:387,1
DA:388,1
DA:389,1
DA:390,1
DA:391,1
DA:392,1
DA:395,1
DA:396,1
DA:397,1
DA:398,1
DA:399,1
DA:402,1
DA:405,1
DA:406,1
DA:407,1
DA:408,1
DA:409,1
DA:410,1
DA:411,1
DA:412,1
DA:414,1
DA:415,1
DA:416,1
DA:417,1
DA:418,1
DA:419,1
DA:420,1
DA:423,1
DA:424,1
DA:426,1
DA:427,1
DA:428,1
BRF:0
BRH:0
LF:274
LH:269
end_of_record
SF:/Users/waku/dev/govee/src/types.rs
FN:58,_RNCNCNvXs2_NtCsf2i7I5CTk8o_5govee5typesNtB9_8DeviceIdNtNtNtCs85QQFkKrybG_4core3str6traits7FromStr8from_str00Bb_
FN:58,_RNCNvXs2_NtCsf2i7I5CTk8o_5govee5typesNtB7_8DeviceIdNtNtNtCs85QQFkKrybG_4core3str6traits7FromStr8from_str0B9_
FN:19,_RNvMNtCsf2i7I5CTk8o_5govee5typesNtB2_8DeviceId3new
FN:25,_RNvMNtCsf2i7I5CTk8o_5govee5typesNtB2_8DeviceId6as_str
FN:121,_RNvMs4_NtCsf2i7I5CTk8o_5govee5typesNtB5_11DeviceState3new
FN:191,_RNvMs6_NtCsf2i7I5CTk8o_5govee5typesNtB5_5Color3new
FN:196,_RNvMs6_NtCsf2i7I5CTk8o_5govee5typesNtB5_5Color8to_rgb24
FN:39,_RNvXs0_NtCsf2i7I5CTk8o_5govee5typesNtB5_8DeviceIdINtNtCs85QQFkKrybG_4core7convert7TryFromNtNtCsdFlNUEO95cG_5alloc6string6StringE8try_from
FN:53,_RNvXs2_NtCsf2i7I5CTk8o_5govee5typesNtB5_8DeviceIdNtNtNtCs85QQFkKrybG_4core3str6traits7FromStr8from_str
FN:95,_RNvXs3_NtCsf2i7I5CTk8o_5govee5typesNtB5_11BackendTypeNtNtCs85QQFkKrybG_4core3fmt7Display3fmt
FN:202,_RNvXs7_NtCsf2i7I5CTk8o_5govee5typesNtB5_5ColorNtNtCs85QQFkKrybG_4core3fmt7Display3fmt
FN:31,_RNvXs_NtCsf2i7I5CTk8o_5govee5typesNtB4_8DeviceIdNtNtCs85QQFkKrybG_4core3fmt7Display3fmt
FN:45,_RNvXs1_NtCsf2i7I5CTk8o_5govee5typesNtNtCsdFlNUEO95cG_5alloc6string6StringINtNtCs85QQFkKrybG_4core7convert4FromNtB5_8DeviceIdE4from
FN:299,_RNvNtNtCseqgZqxOBWDO_5govee5types5testss_13color_display
FN:305,_RNvNtNtCseqgZqxOBWDO_5govee5types5testss_14color_to_rgb24
FN:255,_RNvNtNtCseqgZqxOBWDO_5govee5types5testss_18device_id_equality
FN:262,_RNvNtNtCseqgZqxOBWDO_5govee5types5testss_18device_id_from_str
FN:314,_RNvNtNtCseqgZqxOBWDO_5govee5types5testss_20backend_type_display
FN:268,_RNvNtNtCseqgZqxOBWDO_5govee5types5testss_21device_id_into_string
FN:229,_RNvNtNtCseqgZqxOBWDO_5govee5types5testss_23device_id_valid_6_octet
FN:235,_RNvNtNtCseqgZqxOBWDO_5govee5types5testss_23device_id_valid_8_octet
FN:247,_RNvNtNtCseqgZqxOBWDO_5govee5types5testss_24device_id_invalid_format
FN:346,_RNvNtNtCseqgZqxOBWDO_5govee5types5testss_28backend_type_serde_lowercase
FN:277,_RNvNtNtCseqgZqxOBWDO_5govee5types5testss_29device_state_valid_brightness
FN:322,_RNvNtNtCseqgZqxOBWDO_5govee5types5testss_31device_id_deserialize_validates
FN:284,_RNvNtNtCseqgZqxOBWDO_5govee5types5testss_32device_state_brightness_boundary
FN:241,_RNvNtNtCseqgZqxOBWDO_5govee5types5testss_33device_id_normalizes_to_uppercase
FN:333,_RNvNtNtCseqgZqxOBWDO_5govee5types5testss_45device_state_deserialize_validates_brightness
FN:144,_RINvXs5_NtCseqgZqxOBWDO_5govee5typesNtB6_11DeviceStateNtNtCskhgUCy5GPyx_10serde_core2de11Deserialize11deserializeQINtNtCs2gIcK9cuZ92_10serde_json2de12DeserializerNtNtB1T_4read7StrReadEEB8_
FN:58,_RNCNCNvXs2_NtCseqgZqxOBWDO_5govee5typesNtB9_8DeviceIdNtNtNtCs85QQFkKrybG_4core3str6traits7FromStr8from_str00Bb_
FN:58,_RNCNvXs2_NtCseqgZqxOBWDO_5govee5typesNtB7_8DeviceIdNtNtNtCs85QQFkKrybG_4core3str6traits7FromStr8from_str0B9_
FN:45,_RNvXs1_NtCseqgZqxOBWDO_5govee5typesNtNtCsdFlNUEO95cG_5alloc6string6StringINtNtCs85QQFkKrybG_4core7convert4FromNtB5_8DeviceIdE4from
FN:19,_RNvMNtCseqgZqxOBWDO_5govee5typesNtB2_8DeviceId3new
FN:25,_RNvMNtCseqgZqxOBWDO_5govee5typesNtB2_8DeviceId6as_str
FN:121,_RNvMs4_NtCseqgZqxOBWDO_5govee5typesNtB5_11DeviceState3new
FN:191,_RNvMs6_NtCseqgZqxOBWDO_5govee5typesNtB5_5Color3new
FN:196,_RNvMs6_NtCseqgZqxOBWDO_5govee5typesNtB5_5Color8to_rgb24
FN:39,_RNvXs0_NtCseqgZqxOBWDO_5govee5typesNtB5_8DeviceIdINtNtCs85QQFkKrybG_4core7convert7TryFromNtNtCsdFlNUEO95cG_5alloc6string6StringE8try_from
FN:53,_RNvXs2_NtCseqgZqxOBWDO_5govee5typesNtB5_8DeviceIdNtNtNtCs85QQFkKrybG_4core3str6traits7FromStr8from_str
FN:95,_RNvXs3_NtCseqgZqxOBWDO_5govee5typesNtB5_11BackendTypeNtNtCs85QQFkKrybG_4core3fmt7Display3fmt
FN:202,_RNvXs7_NtCseqgZqxOBWDO_5govee5typesNtB5_5ColorNtNtCs85QQFkKrybG_4core3fmt7Display3fmt
FN:31,_RNvXs_NtCseqgZqxOBWDO_5govee5typesNtB4_8DeviceIdNtNtCs85QQFkKrybG_4core3fmt7Display3fmt
FNDA:1932,_RNCNCNvXs2_NtCsf2i7I5CTk8o_5govee5typesNtB9_8DeviceIdNtNtNtCs85QQFkKrybG_4core3str6traits7FromStr8from_str00Bb_
FNDA:966,_RNCNvXs2_NtCsf2i7I5CTk8o_5govee5typesNtB7_8DeviceIdNtNtNtCs85QQFkKrybG_4core3str6traits7FromStr8from_str0B9_
FNDA:155,_RNvMNtCsf2i7I5CTk8o_5govee5typesNtB2_8DeviceId3new
FNDA:60,_RNvMNtCsf2i7I5CTk8o_5govee5typesNtB2_8DeviceId6as_str
FNDA:6,_RNvMs4_NtCsf2i7I5CTk8o_5govee5typesNtB5_11DeviceState3new
FNDA:22,_RNvMs6_NtCsf2i7I5CTk8o_5govee5typesNtB5_5Color3new
FNDA:3,_RNvMs6_NtCsf2i7I5CTk8o_5govee5typesNtB5_5Color8to_rgb24
FNDA:0,_RNvXs0_NtCsf2i7I5CTk8o_5govee5typesNtB5_8DeviceIdINtNtCs85QQFkKrybG_4core7convert7TryFromNtNtCsdFlNUEO95cG_5alloc6string6StringE8try_from
FNDA:155,_RNvXs2_NtCsf2i7I5CTk8o_5govee5typesNtB5_8DeviceIdNtNtNtCs85QQFkKrybG_4core3str6traits7FromStr8from_str
FNDA:0,_RNvXs3_NtCsf2i7I5CTk8o_5govee5typesNtB5_11BackendTypeNtNtCs85QQFkKrybG_4core3fmt7Display3fmt
FNDA:0,_RNvXs7_NtCsf2i7I5CTk8o_5govee5typesNtB5_5ColorNtNtCs85QQFkKrybG_4core3fmt7Display3fmt
FNDA:11,_RNvXs_NtCsf2i7I5CTk8o_5govee5typesNtB4_8DeviceIdNtNtCs85QQFkKrybG_4core3fmt7Display3fmt
FNDA:0,_RNvXs1_NtCsf2i7I5CTk8o_5govee5typesNtNtCsdFlNUEO95cG_5alloc6string6StringINtNtCs85QQFkKrybG_4core7convert4FromNtB5_8DeviceIdE4from
FNDA:1,_RNvNtNtCseqgZqxOBWDO_5govee5types5testss_13color_display
FNDA:1,_RNvNtNtCseqgZqxOBWDO_5govee5types5testss_14color_to_rgb24
FNDA:1,_RNvNtNtCseqgZqxOBWDO_5govee5types5testss_18device_id_equality
FNDA:1,_RNvNtNtCseqgZqxOBWDO_5govee5types5testss_18device_id_from_str
FNDA:1,_RNvNtNtCseqgZqxOBWDO_5govee5types5testss_20backend_type_display
FNDA:1,_RNvNtNtCseqgZqxOBWDO_5govee5types5testss_21device_id_into_string
FNDA:1,_RNvNtNtCseqgZqxOBWDO_5govee5types5testss_23device_id_valid_6_octet
FNDA:1,_RNvNtNtCseqgZqxOBWDO_5govee5types5testss_23device_id_valid_8_octet
FNDA:1,_RNvNtNtCseqgZqxOBWDO_5govee5types5testss_24device_id_invalid_format
FNDA:1,_RNvNtNtCseqgZqxOBWDO_5govee5types5testss_28backend_type_serde_lowercase
FNDA:1,_RNvNtNtCseqgZqxOBWDO_5govee5types5testss_29device_state_valid_brightness
FNDA:1,_RNvNtNtCseqgZqxOBWDO_5govee5types5testss_31device_id_deserialize_validates
FNDA:1,_RNvNtNtCseqgZqxOBWDO_5govee5types5testss_32device_state_brightness_boundary
FNDA:1,_RNvNtNtCseqgZqxOBWDO_5govee5types5testss_33device_id_normalizes_to_uppercase
FNDA:1,_RNvNtNtCseqgZqxOBWDO_5govee5types5testss_45device_state_deserialize_validates_brightness
FNDA:2,_RINvXs5_NtCseqgZqxOBWDO_5govee5typesNtB6_11DeviceStateNtNtCskhgUCy5GPyx_10serde_core2de11Deserialize11deserializeQINtNtCs2gIcK9cuZ92_10serde_json2de12DeserializerNtNtB1T_4read7StrReadEEB8_
FNDA:2233,_RNCNCNvXs2_NtCseqgZqxOBWDO_5govee5typesNtB9_8DeviceIdNtNtNtCs85QQFkKrybG_4core3str6traits7FromStr8from_str00Bb_
FNDA:1120,_RNCNvXs2_NtCseqgZqxOBWDO_5govee5typesNtB7_8DeviceIdNtNtNtCs85QQFkKrybG_4core3str6traits7FromStr8from_str0B9_
FNDA:1,_RNvXs1_NtCseqgZqxOBWDO_5govee5typesNtNtCsdFlNUEO95cG_5alloc6string6StringINtNtCs85QQFkKrybG_4core7convert4FromNtB5_8DeviceIdE4from
FNDA:186,_RNvMNtCseqgZqxOBWDO_5govee5typesNtB2_8DeviceId3new
FNDA:46,_RNvMNtCseqgZqxOBWDO_5govee5typesNtB2_8DeviceId6as_str
FNDA:51,_RNvMs4_NtCseqgZqxOBWDO_5govee5typesNtB5_11DeviceState3new
FNDA:174,_RNvMs6_NtCseqgZqxOBWDO_5govee5typesNtB5_5Color3new
FNDA:3,_RNvMs6_NtCseqgZqxOBWDO_5govee5typesNtB5_5Color8to_rgb24
FNDA:2,_RNvXs0_NtCseqgZqxOBWDO_5govee5typesNtB5_8DeviceIdINtNtCs85QQFkKrybG_4core7convert7TryFromNtNtCsdFlNUEO95cG_5alloc6string6StringE8try_from
FNDA:189,_RNvXs2_NtCseqgZqxOBWDO_5govee5typesNtB5_8DeviceIdNtNtNtCs85QQFkKrybG_4core3str6traits7FromStr8from_str
FNDA:2,_RNvXs3_NtCseqgZqxOBWDO_5govee5typesNtB5_11BackendTypeNtNtCs85QQFkKrybG_4core3fmt7Display3fmt
FNDA:1,_RNvXs7_NtCseqgZqxOBWDO_5govee5typesNtB5_5ColorNtNtCs85QQFkKrybG_4core3fmt7Display3fmt
FNDA:14,_RNvXs_NtCseqgZqxOBWDO_5govee5typesNtB4_8DeviceIdNtNtCs85QQFkKrybG_4core3fmt7Display3fmt
FNF:29
FNH:29
DA:19,341
DA:20,341
DA:21,336
DA:22,341
DA:25,106
DA:26,106
DA:27,106
DA:31,25
DA:32,25
DA:33,25
DA:39,2
DA:40,2
DA:41,2
DA:45,1
DA:46,1
DA:47,1
DA:53,344
DA:54,344
DA:55,344
DA:56,344
DA:57,344
DA:58,4165
DA:60,344
DA:61,338
DA:63,6
DA:65,344
DA:95,2
DA:96,2
DA:97,1
DA:98,1
DA:100,2
DA:121,57
DA:122,57
DA:123,57
DA:124,57
DA:125,57
DA:126,57
DA:127,57
DA:128,57
DA:129,57
DA:130,2
DA:131,55
DA:132,55
DA:133,55
DA:134,55
DA:135,55
DA:136,55
DA:137,55
DA:138,55
DA:139,55
DA:140,57
DA:144,2
DA:145,2
DA:146,2
DA:159,2
DA:160,2
DA:161,2
DA:162,2
DA:163,2
DA:164,2
DA:165,2
DA:166,2
DA:168,2
DA:169,2
DA:191,196
DA:192,196
DA:193,196
DA:196,6
DA:197,6
DA:198,6
DA:202,1
DA:203,1
DA:204,1
DA:229,1
DA:230,1
DA:231,1
DA:232,1
DA:235,1
DA:236,1
DA:237,1
DA:238,1
DA:241,1
DA:242,1
DA:243,1
DA:244,1
DA:247,1
DA:248,1
DA:249,1
DA:250,1
DA:251,1
DA:252,1
DA:255,1
DA:256,1
DA:257,1
DA:258,1
DA:259,1
DA:262,1
DA:263,1
DA:264,1
DA:265,1
DA:268,1
DA:269,1
DA:270,1
DA:271,1
DA:272,1
DA:277,1
DA:278,1
DA:279,1
DA:280,1
DA:281,1
DA:284,1
DA:285,1
DA:286,1
DA:288,1
DA:289,1
DA:291,1
DA:292,1
DA:294,1
DA:299,1
DA:300,1
DA:301,1
DA:302,1
DA:305,1
DA:306,1
DA:307,1
DA:308,1
DA:309,1
DA:314,1
DA:315,1
DA:316,1
DA:317,1
DA:322,1
DA:323,1
DA:324,1
DA:325,1
DA:326,1
DA:328,1
DA:329,1
DA:330,1
DA:333,1
DA:334,1
DA:335,1
DA:337,1
DA:339,1
DA:340,1
DA:342,1
DA:343,1
DA:346,1
DA:347,1
DA:348,1
DA:350,1
DA:351,1
DA:352,1
BRF:0
BRH:0
LF:155
LH:155
end_of_record